<?xml version="1.0" encoding="UTF-8"?>
<!-- Generated by org.testng.reporters.JUnitXMLReporter -->
<testsuite ignored="0" hostname="DESKTOP-6MESNTB" failures="1" tests="15" name="complextestcaseValidation" time="473.737" errors="0" timestamp="2019-12-06T16:53:39 IST">
  <testcase classname="com.training.complex.tests.ELTC_Complex_SecondTC" name="@AfterMethod AfterMethod" time="60.093">
    <failure type="org.openqa.selenium.NoSuchElementException" message="no such element: Unable to locate element: {&amp;quot;method&amp;quot;:&amp;quot;xpath&amp;quot;,&amp;quot;selector&amp;quot;:&amp;quot;//a[@class=&amp;apos;dropdown-toggle&amp;apos;]&amp;quot;}
  (Session info: chrome=78.0.3904.108)
For documentation on this error, please visit: http://seleniumhq.org/exceptions/no_such_element.html
Build info: version: &amp;apos;3.6.0&amp;apos;, revision: &amp;apos;6fbf3ec767&amp;apos;, time: &amp;apos;2017-09-27T15:28:36.4Z&amp;apos;
System info: host: &amp;apos;DESKTOP-6MESNTB&amp;apos;, ip: &amp;apos;9.199.55.210&amp;apos;, os.name: &amp;apos;Windows 10&amp;apos;, os.arch: &amp;apos;amd64&amp;apos;, os.version: &amp;apos;10.0&amp;apos;, java.version: &amp;apos;12.0.2&amp;apos;
Driver info: org.openqa.selenium.chrome.ChromeDriver
Capabilities [{networkConnectionEnabled=false, chrome={chromedriverVersion=78.0.3904.70 (edb9c9f3de0247fd912a77b7f6cae7447f6d3ad5-refs/branch-heads/3904@{#800}), userDataDir=C:\Users\ARUNAL~1\AppData\Local\Temp\scoped_dir25116_1318306945}, timeouts={implicit=0, pageLoad=300000, script=30000}, pageLoadStrategy=normal, unhandledPromptBehavior=dismiss and notify, strictFileInteractability=false, platform=XP, proxy=Proxy(), goog:chromeOptions={debuggerAddress=localhost:65261}, acceptInsecureCerts=false, browserVersion=78.0.3904.108, browserName=chrome, javascriptEnabled=true, platformName=XP, setWindowRect=true}]
Session ID: a70c022a0058378908451b8ce08cebd5
*** Element info: {Using=xpath, value=//a[@class=&amp;apos;dropdown-toggle&amp;apos;]}">
      <![CDATA[org.openqa.selenium.NoSuchElementException: no such element: Unable to locate element: {"method":"xpath","selector":"//a[@class='dropdown-toggle']"}
  (Session info: chrome=78.0.3904.108)
For documentation on this error, please visit: http://seleniumhq.org/exceptions/no_such_element.html
Build info: version: '3.6.0', revision: '6fbf3ec767', time: '2017-09-27T15:28:36.4Z'
System info: host: 'DESKTOP-6MESNTB', ip: '9.199.55.210', os.name: 'Windows 10', os.arch: 'amd64', os.version: '10.0', java.version: '12.0.2'
Driver info: org.openqa.selenium.chrome.ChromeDriver
Capabilities [{networkConnectionEnabled=false, chrome={chromedriverVersion=78.0.3904.70 (edb9c9f3de0247fd912a77b7f6cae7447f6d3ad5-refs/branch-heads/3904@{#800}), userDataDir=C:\Users\ARUNAL~1\AppData\Local\Temp\scoped_dir25116_1318306945}, timeouts={implicit=0, pageLoad=300000, script=30000}, pageLoadStrategy=normal, unhandledPromptBehavior=dismiss and notify, strictFileInteractability=false, platform=XP, proxy=Proxy(), goog:chromeOptions={debuggerAddress=localhost:65261}, acceptInsecureCerts=false, browserVersion=78.0.3904.108, browserName=chrome, javascriptEnabled=true, platformName=XP, setWindowRect=true}]
Session ID: a70c022a0058378908451b8ce08cebd5
*** Element info: {Using=xpath, value=//a[@class='dropdown-toggle']}
at org.openqa.selenium.remote.http.W3CHttpResponseCodec.createException(W3CHttpResponseCodec.java:185)
at org.openqa.selenium.remote.http.W3CHttpResponseCodec.decode(W3CHttpResponseCodec.java:120)
at org.openqa.selenium.remote.http.W3CHttpResponseCodec.decode(W3CHttpResponseCodec.java:49)
at org.openqa.selenium.remote.HttpCommandExecutor.execute(HttpCommandExecutor.java:164)
at org.openqa.selenium.remote.service.DriverCommandExecutor.execute(DriverCommandExecutor.java:83)
at org.openqa.selenium.remote.RemoteWebDriver.execute(RemoteWebDriver.java:586)
at org.openqa.selenium.remote.RemoteWebDriver.findElement(RemoteWebDriver.java:356)
at org.openqa.selenium.remote.RemoteWebDriver.findElementByXPath(RemoteWebDriver.java:458)
at org.openqa.selenium.By$ByXPath.findElement(By.java:361)
at org.openqa.selenium.remote.RemoteWebDriver.findElement(RemoteWebDriver.java:348)
at com.training.pom.BaseClassPOM.logout(BaseClassPOM.java:30)
at com.training.complex.tests.ELTC_Complex_SecondTC.AfterMethod(ELTC_Complex_SecondTC.java:49)
at java.base/java.util.ArrayList.forEach(ArrayList.java:1540)
... Removed 38 stack frames]]>
    </failure>
  </testcase> <!-- @AfterMethod AfterMethod -->
  <testcase classname="com.training.complex.tests.ELTC_Complex_SecondTC" name="@BeforeMethod BeforeMethod" time="-1.575631148402E9">
    <skipped/>
  </testcase> <!-- @BeforeMethod BeforeMethod -->
  <testcase classname="com.training.complex.tests.ELTC_Complex_SecondTC" name="@AfterMethod AfterMethod" time="-1.575631148425E9">
    <skipped/>
  </testcase> <!-- @AfterMethod AfterMethod -->
  <testcase classname="com.training.complex.tests.ELTC_Complex_SecondTC" name="@BeforeMethod BeforeMethod" time="-1.57563114843E9">
    <skipped/>
  </testcase> <!-- @BeforeMethod BeforeMethod -->
  <testcase classname="com.training.complex.tests.ELTC_Complex_SecondTC" name="@AfterMethod AfterMethod" time="-1.575631148445E9">
    <skipped/>
  </testcase> <!-- @AfterMethod AfterMethod -->
  <testcase classname="com.training.complex.tests.ELTC_Complex_SecondTC" name="@BeforeMethod BeforeMethod" time="-1.57563114845E9">
    <skipped/>
  </testcase> <!-- @BeforeMethod BeforeMethod -->
  <testcase classname="com.training.complex.tests.ELTC_Complex_SecondTC" name="@AfterMethod AfterMethod" time="-1.575631148469E9">
    <skipped/>
  </testcase> <!-- @AfterMethod AfterMethod -->
  <testcase classname="com.training.complex.tests.ELTC_Complex_FirstTC" name="VerifyRegistration" time="3.825"/>
  <testcase classname="com.training.complex.tests.ELTC_Complex_FirstTC" name="VerifyRegistration" time="3.245"/>
  <testcase classname="com.training.complex.tests.ELTC_Complex_FirstTC" name="VerifyRegistration" time="3.39"/>
  <testcase classname="com.training.complex.tests.ELTC_Complex_FirstTC" name="VerifyRegistration" time="3.462"/>
  <testcase classname="com.training.complex.tests.ELTC_Complex_SecondTC" name="VerifyRegistration" time="2.378"/>
  <testcase classname="com.training.complex.tests.ELTC_Complex_SecondTC" name="VerifyRegistration" time="0.0">
    <skipped/>
  </testcase> <!-- VerifyRegistration -->
  <testcase classname="com.training.complex.tests.ELTC_Complex_SecondTC" name="VerifyRegistration" time="0.0">
    <skipped/>
  </testcase> <!-- VerifyRegistration -->
  <testcase classname="com.training.complex.tests.ELTC_Complex_SecondTC" name="VerifyRegistration" time="0.0">
    <skipped/>
  </testcase> <!-- VerifyRegistration -->
  <testcase classname="com.training.complex.tests.ELTC_Complex_ThirdTC" name="VerifyRegistration" time="5.612"/>
  <testcase classname="com.training.complex.tests.ELTC_Complex_ThirdTC" name="VerifyRegistration" time="3.914"/>
  <testcase classname="com.training.complex.tests.ELTC_Complex_ThirdTC" name="VerifyRegistration" time="3.547"/>
  <testcase classname="com.training.complex.tests.ELTC_Complex_ThirdTC" name="VerifyRegistration" time="3.728"/>
  <testcase classname="com.training.complex.tests.ELTC_Complex_FourthTC" name="PerformTeacherTask" time="68.774">
    <failure type="org.openqa.selenium.NoSuchElementException" message="no such element: Unable to locate element: {&amp;quot;method&amp;quot;:&amp;quot;xpath&amp;quot;,&amp;quot;selector&amp;quot;:&amp;quot;//div[@class=&amp;apos;help-course&amp;apos;]//a[@class=&amp;apos;btn btn-default&amp;apos;]&amp;quot;}
  (Session info: chrome=78.0.3904.108)
For documentation on this error, please visit: http://seleniumhq.org/exceptions/no_such_element.html
Build info: version: &amp;apos;3.6.0&amp;apos;, revision: &amp;apos;6fbf3ec767&amp;apos;, time: &amp;apos;2017-09-27T15:28:36.4Z&amp;apos;
System info: host: &amp;apos;DESKTOP-6MESNTB&amp;apos;, ip: &amp;apos;9.199.55.210&amp;apos;, os.name: &amp;apos;Windows 10&amp;apos;, os.arch: &amp;apos;amd64&amp;apos;, os.version: &amp;apos;10.0&amp;apos;, java.version: &amp;apos;12.0.2&amp;apos;
Driver info: org.openqa.selenium.chrome.ChromeDriver
Capabilities [{networkConnectionEnabled=false, chrome={chromedriverVersion=78.0.3904.70 (edb9c9f3de0247fd912a77b7f6cae7447f6d3ad5-refs/branch-heads/3904@{#800}), userDataDir=C:\Users\ARUNAL~1\AppData\Local\Temp\scoped_dir23720_327679068}, timeouts={implicit=0, pageLoad=300000, script=30000}, pageLoadStrategy=normal, unhandledPromptBehavior=dismiss and notify, strictFileInteractability=false, platform=XP, proxy=Proxy(), goog:chromeOptions={debuggerAddress=localhost:49169}, acceptInsecureCerts=false, browserVersion=78.0.3904.108, browserName=chrome, javascriptEnabled=true, platformName=XP, setWindowRect=true}]
Session ID: 3f40e6c746ffbc722f5e8fad3ef7ba5b
*** Element info: {Using=xpath, value=//div[@class=&amp;apos;help-course&amp;apos;]//a[@class=&amp;apos;btn btn-default&amp;apos;]}">
      <![CDATA[org.openqa.selenium.NoSuchElementException: no such element: Unable to locate element: {"method":"xpath","selector":"//div[@class='help-course']//a[@class='btn btn-default']"}
  (Session info: chrome=78.0.3904.108)
For documentation on this error, please visit: http://seleniumhq.org/exceptions/no_such_element.html
Build info: version: '3.6.0', revision: '6fbf3ec767', time: '2017-09-27T15:28:36.4Z'
System info: host: 'DESKTOP-6MESNTB', ip: '9.199.55.210', os.name: 'Windows 10', os.arch: 'amd64', os.version: '10.0', java.version: '12.0.2'
Driver info: org.openqa.selenium.chrome.ChromeDriver
Capabilities [{networkConnectionEnabled=false, chrome={chromedriverVersion=78.0.3904.70 (edb9c9f3de0247fd912a77b7f6cae7447f6d3ad5-refs/branch-heads/3904@{#800}), userDataDir=C:\Users\ARUNAL~1\AppData\Local\Temp\scoped_dir23720_327679068}, timeouts={implicit=0, pageLoad=300000, script=30000}, pageLoadStrategy=normal, unhandledPromptBehavior=dismiss and notify, strictFileInteractability=false, platform=XP, proxy=Proxy(), goog:chromeOptions={debuggerAddress=localhost:49169}, acceptInsecureCerts=false, browserVersion=78.0.3904.108, browserName=chrome, javascriptEnabled=true, platformName=XP, setWindowRect=true}]
Session ID: 3f40e6c746ffbc722f5e8fad3ef7ba5b
*** Element info: {Using=xpath, value=//div[@class='help-course']//a[@class='btn btn-default']}
at org.openqa.selenium.remote.http.W3CHttpResponseCodec.createException(W3CHttpResponseCodec.java:185)
at org.openqa.selenium.remote.http.W3CHttpResponseCodec.decode(W3CHttpResponseCodec.java:120)
at org.openqa.selenium.remote.http.W3CHttpResponseCodec.decode(W3CHttpResponseCodec.java:49)
at org.openqa.selenium.remote.HttpCommandExecutor.execute(HttpCommandExecutor.java:164)
at org.openqa.selenium.remote.service.DriverCommandExecutor.execute(DriverCommandExecutor.java:83)
at org.openqa.selenium.remote.RemoteWebDriver.execute(RemoteWebDriver.java:586)
at org.openqa.selenium.remote.RemoteWebDriver.findElement(RemoteWebDriver.java:356)
at org.openqa.selenium.remote.RemoteWebDriver.findElementByXPath(RemoteWebDriver.java:458)
at org.openqa.selenium.By$ByXPath.findElement(By.java:361)
at org.openqa.selenium.remote.RemoteWebDriver.findElement(RemoteWebDriver.java:348)
at org.openqa.selenium.support.pagefactory.DefaultElementLocator.findElement(DefaultElementLocator.java:69)
at org.openqa.selenium.support.pagefactory.internal.LocatingElementHandler.invoke(LocatingElementHandler.java:38)
at com.sun.proxy.$Proxy15.click(Unknown Source)
at com.training.pom.MAddIntroductionPagePOM.ClickAddintrolink(MAddIntroductionPagePOM.java:48)
at com.training.complex.tests.ELTC_Complex_FourthTC.PerformTeacherTask(ELTC_Complex_FourthTC.java:52)
at java.base/java.util.ArrayList.forEach(ArrayList.java:1540)
... Removed 33 stack frames]]>
    </failure>
  </testcase> <!-- PerformTeacherTask -->
  <testcase classname="com.training.complex.tests.ELTC_Complex_FourthTC" name="PerformStudentTask" time="11.427"/>
  <testcase classname="com.training.complex.tests.ELTC_Complex_FourthTC" name="PerformAdminTask" time="13.575"/>
</testsuite> <!-- complextestcaseValidation -->
