<?xml version="1.0" encoding="UTF-8"?>
<testng-results ignored="0" total="23" passed="17" failed="3" skipped="3">
  <reporter-output>
  </reporter-output>
  <suite started-at="2019-12-06T16:37:15 IST" name="SimpleTestSuite" finished-at="2019-12-06T16:39:18 IST" duration-ms="123266">
    <groups>
    </groups>
    <test started-at="2019-12-06T16:37:15 IST" name="simpletestcaseValidation" finished-at="2019-12-06T16:39:18 IST" duration-ms="123266">
      <class name="com.training.simple.test.StudentloginTest">
        <test-method is-config="true" signature="BeforeMethod()[pri:0, instance:com.training.simple.test.StudentloginTest@1ed1993a]" started-at="2019-12-06T16:37:48 IST" name="BeforeMethod" finished-at="2019-12-06T16:38:08 IST" duration-ms="20354" status="PASS">
          <reporter-output>
          </reporter-output>
        </test-method> <!-- BeforeMethod -->
        <test-method signature="ClickingSignin()[pri:0, instance:com.training.simple.test.StudentloginTest@1ed1993a]" started-at="2019-12-06T16:38:08 IST" name="ClickingSignin" finished-at="2019-12-06T16:38:21 IST" duration-ms="12993" status="PASS">
          <reporter-output>
          </reporter-output>
        </test-method> <!-- ClickingSignin -->
        <test-method is-config="true" signature="AfterMethod()[pri:0, instance:com.training.simple.test.StudentloginTest@1ed1993a]" started-at="2019-12-06T16:38:21 IST" name="AfterMethod" finished-at="2019-12-06T16:38:23 IST" duration-ms="1911" status="PASS">
          <reporter-output>
          </reporter-output>
        </test-method> <!-- AfterMethod -->
      </class> <!-- com.training.simple.test.StudentloginTest -->
      <class name="com.training.simple.test.EditMyProfileTest">
        <test-method is-config="true" signature="BeforeTest()[pri:0, instance:com.training.simple.test.EditMyProfileTest@96def03]" started-at="2019-12-06T16:37:15 IST" name="BeforeTest" finished-at="2019-12-06T16:37:15 IST" duration-ms="32" status="PASS">
          <reporter-output>
          </reporter-output>
        </test-method> <!-- BeforeTest -->
        <test-method is-config="true" signature="BeforeClass()[pri:0, instance:com.training.simple.test.EditMyProfileTest@96def03]" started-at="2019-12-06T16:38:23 IST" name="BeforeClass" finished-at="2019-12-06T16:38:23 IST" duration-ms="1" status="PASS">
          <reporter-output>
          </reporter-output>
        </test-method> <!-- BeforeClass -->
        <test-method is-config="true" signature="BeforeMethod()[pri:0, instance:com.training.simple.test.EditMyProfileTest@96def03]" started-at="2019-12-06T16:38:23 IST" name="BeforeMethod" finished-at="2019-12-06T16:38:42 IST" duration-ms="19261" status="PASS">
          <reporter-output>
          </reporter-output>
        </test-method> <!-- BeforeMethod -->
        <test-method signature="SaveSettings()[pri:4, instance:com.training.simple.test.EditMyProfileTest@96def03]" started-at="2019-12-06T16:38:42 IST" name="SaveSettings" finished-at="2019-12-06T16:38:46 IST" duration-ms="4079" status="PASS">
          <reporter-output>
          </reporter-output>
        </test-method> <!-- SaveSettings -->
        <test-method is-config="true" signature="AfterMethod()[pri:0, instance:com.training.simple.test.EditMyProfileTest@96def03]" started-at="2019-12-06T16:38:46 IST" name="AfterMethod" finished-at="2019-12-06T16:38:49 IST" duration-ms="2204" status="PASS">
          <reporter-output>
          </reporter-output>
        </test-method> <!-- AfterMethod -->
      </class> <!-- com.training.simple.test.EditMyProfileTest -->
      <class name="com.training.simple.test.SignupTest">
        <test-method is-config="true" signature="BeforeTest()[pri:0, instance:com.training.simple.test.SignupTest@5ccddd20]" started-at="2019-12-06T16:37:15 IST" name="BeforeTest" finished-at="2019-12-06T16:37:15 IST" duration-ms="1" status="PASS">
          <reporter-output>
          </reporter-output>
        </test-method> <!-- BeforeTest -->
        <test-method is-config="true" signature="BeforeClass()[pri:0, instance:com.training.simple.test.SignupTest@5ccddd20]" started-at="2019-12-06T16:38:49 IST" name="BeforeClass" finished-at="2019-12-06T16:38:49 IST" duration-ms="0" status="PASS">
          <reporter-output>
          </reporter-output>
        </test-method> <!-- BeforeClass -->
        <test-method is-config="true" signature="BeforeMethod()[pri:0, instance:com.training.simple.test.SignupTest@5ccddd20]" started-at="2019-12-06T16:38:49 IST" name="BeforeMethod" finished-at="2019-12-06T16:39:08 IST" duration-ms="19713" status="PASS">
          <reporter-output>
          </reporter-output>
        </test-method> <!-- BeforeMethod -->
        <test-method signature="VerifyRegistration()[pri:1, instance:com.training.simple.test.SignupTest@5ccddd20]" started-at="2019-12-06T16:39:08 IST" name="VerifyRegistration" finished-at="2019-12-06T16:39:12 IST" duration-ms="3538" status="PASS">
          <reporter-output>
          </reporter-output>
        </test-method> <!-- VerifyRegistration -->
        <test-method is-config="true" signature="AfterMethod()[pri:0, instance:com.training.simple.test.SignupTest@5ccddd20]" started-at="2019-12-06T16:39:12 IST" name="AfterMethod" finished-at="2019-12-06T16:39:18 IST" duration-ms="6322" status="PASS">
          <reporter-output>
          </reporter-output>
        </test-method> <!-- AfterMethod -->
      </class> <!-- com.training.simple.test.SignupTest -->
      <class name="com.training.simple.test.LostMyPasswordTest">
        <test-method is-config="true" signature="BeforeTest()[pri:0, instance:com.training.simple.test.LostMyPasswordTest@6e0dec4a]" started-at="2019-12-06T16:37:15 IST" name="BeforeTest" finished-at="2019-12-06T16:37:15 IST" duration-ms="0" status="PASS">
          <reporter-output>
          </reporter-output>
        </test-method> <!-- BeforeTest -->
        <test-method is-config="true" signature="BeforeClass()[pri:0, instance:com.training.simple.test.LostMyPasswordTest@6e0dec4a]" started-at="2019-12-06T16:37:15 IST" name="BeforeClass" finished-at="2019-12-06T16:37:15 IST" duration-ms="1" status="PASS">
          <reporter-output>
          </reporter-output>
        </test-method> <!-- BeforeClass -->
        <test-method is-config="true" signature="BeforeMethod()[pri:0, instance:com.training.simple.test.LostMyPasswordTest@6e0dec4a]" started-at="2019-12-06T16:37:15 IST" name="BeforeMethod" finished-at="2019-12-06T16:37:33 IST" duration-ms="17593" status="PASS">
          <reporter-output>
          </reporter-output>
        </test-method> <!-- BeforeMethod -->
        <test-method signature="SendingMessage()[pri:3, instance:com.training.simple.test.LostMyPasswordTest@6e0dec4a]" started-at="2019-12-06T16:37:33 IST" name="SendingMessage" finished-at="2019-12-06T16:37:47 IST" duration-ms="14745" status="PASS">
          <reporter-output>
          </reporter-output>
        </test-method> <!-- SendingMessage -->
        <test-method is-config="true" signature="AfterMethod()[pri:0, instance:com.training.simple.test.LostMyPasswordTest@6e0dec4a]" started-at="2019-12-06T16:37:47 IST" name="AfterMethod" finished-at="2019-12-06T16:37:48 IST" duration-ms="437" status="PASS">
          <reporter-output>
          </reporter-output>
        </test-method> <!-- AfterMethod -->
      </class> <!-- com.training.simple.test.LostMyPasswordTest -->
    </test> <!-- simpletestcaseValidation -->
  </suite> <!-- SimpleTestSuite -->
  <suite started-at="2019-12-06T16:39:18 IST" name="MediumTestSuite" finished-at="2019-12-06T16:45:45 IST" duration-ms="386335">
    <groups>
    </groups>
    <test started-at="2019-12-06T16:39:18 IST" name="mediumtestcaseValidation" finished-at="2019-12-06T16:45:45 IST" duration-ms="386335">
      <class name="com.training.medium.tests.ELTCMediumFirstTest">
        <test-method is-config="true" signature="BeforeTest()[pri:0, instance:com.training.medium.tests.ELTCMediumFirstTest@34b7ac2f]" started-at="2019-12-06T16:39:18 IST" name="BeforeTest" finished-at="2019-12-06T16:39:18 IST" duration-ms="1" status="PASS">
          <reporter-output>
          </reporter-output>
        </test-method> <!-- BeforeTest -->
        <test-method is-config="true" signature="BeforeClass()[pri:0, instance:com.training.medium.tests.ELTCMediumFirstTest@34b7ac2f]" started-at="2019-12-06T16:39:18 IST" name="BeforeClass" finished-at="2019-12-06T16:39:18 IST" duration-ms="1" status="PASS">
          <reporter-output>
          </reporter-output>
        </test-method> <!-- BeforeClass -->
        <test-method is-config="true" signature="BeforeMethod()[pri:0, instance:com.training.medium.tests.ELTCMediumFirstTest@34b7ac2f]" started-at="2019-12-06T16:39:18 IST" name="BeforeMethod" finished-at="2019-12-06T16:39:38 IST" duration-ms="19912" status="PASS">
          <reporter-output>
          </reporter-output>
        </test-method> <!-- BeforeMethod -->
        <test-method signature="VerifyNewCourse()[pri:5, instance:com.training.medium.tests.ELTCMediumFirstTest@34b7ac2f]" started-at="2019-12-06T16:39:38 IST" name="VerifyNewCourse" finished-at="2019-12-06T16:40:10 IST" duration-ms="31119" status="PASS">
          <reporter-output>
          </reporter-output>
        </test-method> <!-- VerifyNewCourse -->
        <test-method is-config="true" signature="AfterMethod()[pri:0, instance:com.training.medium.tests.ELTCMediumFirstTest@34b7ac2f]" started-at="2019-12-06T16:40:10 IST" name="AfterMethod" finished-at="2019-12-06T16:40:12 IST" duration-ms="2650" status="PASS">
          <reporter-output>
          </reporter-output>
        </test-method> <!-- AfterMethod -->
      </class> <!-- com.training.medium.tests.ELTCMediumFirstTest -->
      <class name="com.training.medium.tests.ELTCMediumSecondTest">
        <test-method is-config="true" signature="BeforeTest()[pri:0, instance:com.training.medium.tests.ELTCMediumSecondTest@e056f20]" started-at="2019-12-06T16:39:18 IST" name="BeforeTest" finished-at="2019-12-06T16:39:18 IST" duration-ms="1" status="PASS">
          <reporter-output>
          </reporter-output>
        </test-method> <!-- BeforeTest -->
        <test-method is-config="true" signature="BeforeClass()[pri:0, instance:com.training.medium.tests.ELTCMediumSecondTest@e056f20]" started-at="2019-12-06T16:40:12 IST" name="BeforeClass" finished-at="2019-12-06T16:40:12 IST" duration-ms="0" status="PASS">
          <reporter-output>
          </reporter-output>
        </test-method> <!-- BeforeClass -->
        <test-method is-config="true" signature="BeforeMethod()[pri:0, instance:com.training.medium.tests.ELTCMediumSecondTest@e056f20]" started-at="2019-12-06T16:40:12 IST" name="BeforeMethod" finished-at="2019-12-06T16:40:38 IST" duration-ms="25830" status="PASS">
          <reporter-output>
          </reporter-output>
        </test-method> <!-- BeforeMethod -->
        <test-method signature="VerifyTestFunctions()[pri:0, instance:com.training.medium.tests.ELTCMediumSecondTest@e056f20]" started-at="2019-12-06T16:40:38 IST" name="VerifyTestFunctions" finished-at="2019-12-06T16:42:15 IST" duration-ms="96969" status="PASS">
          <reporter-output>
          </reporter-output>
        </test-method> <!-- VerifyTestFunctions -->
        <test-method is-config="true" signature="AfterMethod()[pri:0, instance:com.training.medium.tests.ELTCMediumSecondTest@e056f20]" started-at="2019-12-06T16:42:15 IST" name="AfterMethod" finished-at="2019-12-06T16:42:17 IST" duration-ms="2074" status="PASS">
          <reporter-output>
          </reporter-output>
        </test-method> <!-- AfterMethod -->
      </class> <!-- com.training.medium.tests.ELTCMediumSecondTest -->
      <class name="com.training.medium.tests.ELTCMediumThirdTest">
        <test-method is-config="true" signature="BeforeTest()[pri:0, instance:com.training.medium.tests.ELTCMediumThirdTest@4b0b0854]" started-at="2019-12-06T16:39:18 IST" name="BeforeTest" finished-at="2019-12-06T16:39:18 IST" duration-ms="2" status="PASS">
          <reporter-output>
          </reporter-output>
        </test-method> <!-- BeforeTest -->
        <test-method is-config="true" signature="BeforeClass()[pri:0, instance:com.training.medium.tests.ELTCMediumThirdTest@4b0b0854]" started-at="2019-12-06T16:42:17 IST" name="BeforeClass" finished-at="2019-12-06T16:42:17 IST" duration-ms="0" status="PASS">
          <reporter-output>
          </reporter-output>
        </test-method> <!-- BeforeClass -->
        <test-method is-config="true" signature="BeforeMethod()[pri:0, instance:com.training.medium.tests.ELTCMediumThirdTest@4b0b0854]" started-at="2019-12-06T16:42:17 IST" name="BeforeMethod" finished-at="2019-12-06T16:42:42 IST" duration-ms="25106" status="PASS">
          <reporter-output>
          </reporter-output>
        </test-method> <!-- BeforeMethod -->
        <test-method signature="VerifyAssessment()[pri:0, instance:com.training.medium.tests.ELTCMediumThirdTest@4b0b0854]" started-at="2019-12-06T16:42:42 IST" name="VerifyAssessment" finished-at="2019-12-06T16:43:51 IST" duration-ms="68834" status="FAIL">
          <exception class="org.openqa.selenium.NoSuchElementException">
            <message>
              <![CDATA[no such element: Unable to locate element: {"method":"css selector","selector":"#weight_mask"}
  (Session info: chrome=78.0.3904.108)
For documentation on this error, please visit: http://seleniumhq.org/exceptions/no_such_element.html
Build info: version: '3.6.0', revision: '6fbf3ec767', time: '2017-09-27T15:28:36.4Z'
System info: host: 'DESKTOP-6MESNTB', ip: '9.199.55.210', os.name: 'Windows 10', os.arch: 'amd64', os.version: '10.0', java.version: '12.0.2'
Driver info: org.openqa.selenium.chrome.ChromeDriver
Capabilities [{networkConnectionEnabled=false, chrome={chromedriverVersion=78.0.3904.70 (edb9c9f3de0247fd912a77b7f6cae7447f6d3ad5-refs/branch-heads/3904@{#800}), userDataDir=C:\Users\ARUNAL~1\AppData\Local\Temp\scoped_dir20244_541566161}, timeouts={implicit=0, pageLoad=300000, script=30000}, pageLoadStrategy=normal, unhandledPromptBehavior=dismiss and notify, strictFileInteractability=false, platform=XP, proxy=Proxy(), goog:chromeOptions={debuggerAddress=localhost:64828}, acceptInsecureCerts=false, browserVersion=78.0.3904.108, browserName=chrome, javascriptEnabled=true, platformName=XP, setWindowRect=true}]
Session ID: 6d466158a09d55ad675a0025f02d9783
*** Element info: {Using=id, value=weight_mask}]]>
            </message>
            <full-stacktrace>
              <![CDATA[org.openqa.selenium.NoSuchElementException: no such element: Unable to locate element: {"method":"css selector","selector":"#weight_mask"}
  (Session info: chrome=78.0.3904.108)
For documentation on this error, please visit: http://seleniumhq.org/exceptions/no_such_element.html
Build info: version: '3.6.0', revision: '6fbf3ec767', time: '2017-09-27T15:28:36.4Z'
System info: host: 'DESKTOP-6MESNTB', ip: '9.199.55.210', os.name: 'Windows 10', os.arch: 'amd64', os.version: '10.0', java.version: '12.0.2'
Driver info: org.openqa.selenium.chrome.ChromeDriver
Capabilities [{networkConnectionEnabled=false, chrome={chromedriverVersion=78.0.3904.70 (edb9c9f3de0247fd912a77b7f6cae7447f6d3ad5-refs/branch-heads/3904@{#800}), userDataDir=C:\Users\ARUNAL~1\AppData\Local\Temp\scoped_dir20244_541566161}, timeouts={implicit=0, pageLoad=300000, script=30000}, pageLoadStrategy=normal, unhandledPromptBehavior=dismiss and notify, strictFileInteractability=false, platform=XP, proxy=Proxy(), goog:chromeOptions={debuggerAddress=localhost:64828}, acceptInsecureCerts=false, browserVersion=78.0.3904.108, browserName=chrome, javascriptEnabled=true, platformName=XP, setWindowRect=true}]
Session ID: 6d466158a09d55ad675a0025f02d9783
*** Element info: {Using=id, value=weight_mask}
at java.base/jdk.internal.reflect.NativeConstructorAccessorImpl.newInstance0(Native Method)
at java.base/jdk.internal.reflect.NativeConstructorAccessorImpl.newInstance(NativeConstructorAccessorImpl.java:62)
at java.base/jdk.internal.reflect.DelegatingConstructorAccessorImpl.newInstance(DelegatingConstructorAccessorImpl.java:45)
at java.base/java.lang.reflect.Constructor.newInstanceWithCaller(Constructor.java:500)
at java.base/java.lang.reflect.Constructor.newInstance(Constructor.java:481)
at org.openqa.selenium.remote.http.W3CHttpResponseCodec.createException(W3CHttpResponseCodec.java:185)
at org.openqa.selenium.remote.http.W3CHttpResponseCodec.decode(W3CHttpResponseCodec.java:120)
at org.openqa.selenium.remote.http.W3CHttpResponseCodec.decode(W3CHttpResponseCodec.java:49)
at org.openqa.selenium.remote.HttpCommandExecutor.execute(HttpCommandExecutor.java:164)
at org.openqa.selenium.remote.service.DriverCommandExecutor.execute(DriverCommandExecutor.java:83)
at org.openqa.selenium.remote.RemoteWebDriver.execute(RemoteWebDriver.java:586)
at org.openqa.selenium.remote.RemoteWebDriver.findElement(RemoteWebDriver.java:356)
at org.openqa.selenium.remote.RemoteWebDriver.findElementById(RemoteWebDriver.java:402)
at org.openqa.selenium.By$ById.findElement(By.java:218)
at org.openqa.selenium.remote.RemoteWebDriver.findElement(RemoteWebDriver.java:348)
at org.openqa.selenium.support.pagefactory.DefaultElementLocator.findElement(DefaultElementLocator.java:69)
at org.openqa.selenium.support.pagefactory.internal.LocatingElementHandler.invoke(LocatingElementHandler.java:38)
at com.sun.proxy.$Proxy15.sendKeys(Unknown Source)
at com.training.pom.MEditlinkPagePOM.EnterWeightage(MEditlinkPagePOM.java:18)
at com.training.medium.tests.ELTCMediumThirdTest.VerifyAssessment(ELTCMediumThirdTest.java:54)
at java.base/jdk.internal.reflect.NativeMethodAccessorImpl.invoke0(Native Method)
at java.base/jdk.internal.reflect.NativeMethodAccessorImpl.invoke(NativeMethodAccessorImpl.java:62)
at java.base/jdk.internal.reflect.DelegatingMethodAccessorImpl.invoke(DelegatingMethodAccessorImpl.java:43)
at java.base/java.lang.reflect.Method.invoke(Method.java:567)
at org.testng.internal.MethodInvocationHelper.invokeMethod(MethodInvocationHelper.java:133)
at org.testng.internal.TestInvoker.invokeMethod(TestInvoker.java:584)
at org.testng.internal.TestInvoker.invokeTestMethod(TestInvoker.java:172)
at org.testng.internal.MethodRunner.runInSequence(MethodRunner.java:46)
at org.testng.internal.TestInvoker$MethodInvocationAgent.invoke(TestInvoker.java:804)
at org.testng.internal.TestInvoker.invokeTestMethods(TestInvoker.java:145)
at org.testng.internal.TestMethodWorker.invokeTestMethods(TestMethodWorker.java:146)
at org.testng.internal.TestMethodWorker.run(TestMethodWorker.java:128)
at java.base/java.util.ArrayList.forEach(ArrayList.java:1540)
at org.testng.TestRunner.privateRun(TestRunner.java:770)
at org.testng.TestRunner.run(TestRunner.java:591)
at org.testng.SuiteRunner.runTest(SuiteRunner.java:402)
at org.testng.SuiteRunner.runSequentially(SuiteRunner.java:396)
at org.testng.SuiteRunner.privateRun(SuiteRunner.java:355)
at org.testng.SuiteRunner.run(SuiteRunner.java:304)
at org.testng.SuiteRunnerWorker.runSuite(SuiteRunnerWorker.java:53)
at org.testng.SuiteRunnerWorker.run(SuiteRunnerWorker.java:96)
at org.testng.TestNG.runSuitesSequentially(TestNG.java:1180)
at org.testng.TestNG.runSuitesSequentially(TestNG.java:1175)
at org.testng.TestNG.runSuitesLocally(TestNG.java:1102)
at org.testng.TestNG.runSuites(TestNG.java:1032)
at org.testng.TestNG.run(TestNG.java:1000)
at org.testng.remote.AbstractRemoteTestNG.run(AbstractRemoteTestNG.java:115)
at org.testng.remote.RemoteTestNG.initAndRun(RemoteTestNG.java:251)
at org.testng.remote.RemoteTestNG.main(RemoteTestNG.java:77)
]]>
            </full-stacktrace>
          </exception> <!-- org.openqa.selenium.NoSuchElementException -->
          <reporter-output>
          </reporter-output>
        </test-method> <!-- VerifyAssessment -->
        <test-method is-config="true" signature="AfterMethod()[pri:0, instance:com.training.medium.tests.ELTCMediumThirdTest@4b0b0854]" started-at="2019-12-06T16:43:51 IST" name="AfterMethod" finished-at="2019-12-06T16:43:54 IST" duration-ms="3022" status="PASS">
          <reporter-output>
          </reporter-output>
        </test-method> <!-- AfterMethod -->
      </class> <!-- com.training.medium.tests.ELTCMediumThirdTest -->
      <class name="com.training.medium.tests.ELTCMediumFourthTest">
        <test-method is-config="true" signature="BeforeTest()[pri:0, instance:com.training.medium.tests.ELTCMediumFourthTest@19bb07ed]" started-at="2019-12-06T16:39:18 IST" name="BeforeTest" finished-at="2019-12-06T16:39:18 IST" duration-ms="1" status="PASS">
          <reporter-output>
          </reporter-output>
        </test-method> <!-- BeforeTest -->
        <test-method is-config="true" signature="BeforeClass()[pri:0, instance:com.training.medium.tests.ELTCMediumFourthTest@19bb07ed]" started-at="2019-12-06T16:43:54 IST" name="BeforeClass" finished-at="2019-12-06T16:43:54 IST" duration-ms="1" status="PASS">
          <reporter-output>
          </reporter-output>
        </test-method> <!-- BeforeClass -->
        <test-method is-config="true" signature="BeforeMethod()[pri:0, instance:com.training.medium.tests.ELTCMediumFourthTest@19bb07ed]" started-at="2019-12-06T16:43:54 IST" name="BeforeMethod" finished-at="2019-12-06T16:44:22 IST" duration-ms="27554" status="PASS">
          <reporter-output>
          </reporter-output>
        </test-method> <!-- BeforeMethod -->
        <test-method signature="VerfiyAssignmentTest()[pri:0, instance:com.training.medium.tests.ELTCMediumFourthTest@19bb07ed]" started-at="2019-12-06T16:44:22 IST" name="VerfiyAssignmentTest" finished-at="2019-12-06T16:45:37 IST" duration-ms="75758" status="FAIL">
          <exception class="org.openqa.selenium.NoSuchElementException">
            <message>
              <![CDATA[no such element: Unable to locate element: {"method":"css selector","selector":"#form1_qualification"}
  (Session info: chrome=78.0.3904.108)
For documentation on this error, please visit: http://seleniumhq.org/exceptions/no_such_element.html
Build info: version: '3.6.0', revision: '6fbf3ec767', time: '2017-09-27T15:28:36.4Z'
System info: host: 'DESKTOP-6MESNTB', ip: '9.199.55.210', os.name: 'Windows 10', os.arch: 'amd64', os.version: '10.0', java.version: '12.0.2'
Driver info: org.openqa.selenium.chrome.ChromeDriver
Capabilities [{networkConnectionEnabled=false, chrome={chromedriverVersion=78.0.3904.70 (edb9c9f3de0247fd912a77b7f6cae7447f6d3ad5-refs/branch-heads/3904@{#800}), userDataDir=C:\Users\ARUNAL~1\AppData\Local\Temp\scoped_dir23256_1154542688}, timeouts={implicit=0, pageLoad=300000, script=30000}, pageLoadStrategy=normal, unhandledPromptBehavior=dismiss and notify, strictFileInteractability=false, platform=XP, proxy=Proxy(), goog:chromeOptions={debuggerAddress=localhost:64922}, acceptInsecureCerts=false, browserVersion=78.0.3904.108, browserName=chrome, javascriptEnabled=true, platformName=XP, setWindowRect=true}]
Session ID: 6dc9c4280ff96de2250dc5d6b757ef46
*** Element info: {Using=id, value=form1_qualification}]]>
            </message>
            <full-stacktrace>
              <![CDATA[org.openqa.selenium.NoSuchElementException: no such element: Unable to locate element: {"method":"css selector","selector":"#form1_qualification"}
  (Session info: chrome=78.0.3904.108)
For documentation on this error, please visit: http://seleniumhq.org/exceptions/no_such_element.html
Build info: version: '3.6.0', revision: '6fbf3ec767', time: '2017-09-27T15:28:36.4Z'
System info: host: 'DESKTOP-6MESNTB', ip: '9.199.55.210', os.name: 'Windows 10', os.arch: 'amd64', os.version: '10.0', java.version: '12.0.2'
Driver info: org.openqa.selenium.chrome.ChromeDriver
Capabilities [{networkConnectionEnabled=false, chrome={chromedriverVersion=78.0.3904.70 (edb9c9f3de0247fd912a77b7f6cae7447f6d3ad5-refs/branch-heads/3904@{#800}), userDataDir=C:\Users\ARUNAL~1\AppData\Local\Temp\scoped_dir23256_1154542688}, timeouts={implicit=0, pageLoad=300000, script=30000}, pageLoadStrategy=normal, unhandledPromptBehavior=dismiss and notify, strictFileInteractability=false, platform=XP, proxy=Proxy(), goog:chromeOptions={debuggerAddress=localhost:64922}, acceptInsecureCerts=false, browserVersion=78.0.3904.108, browserName=chrome, javascriptEnabled=true, platformName=XP, setWindowRect=true}]
Session ID: 6dc9c4280ff96de2250dc5d6b757ef46
*** Element info: {Using=id, value=form1_qualification}
at java.base/jdk.internal.reflect.NativeConstructorAccessorImpl.newInstance0(Native Method)
at java.base/jdk.internal.reflect.NativeConstructorAccessorImpl.newInstance(NativeConstructorAccessorImpl.java:62)
at java.base/jdk.internal.reflect.DelegatingConstructorAccessorImpl.newInstance(DelegatingConstructorAccessorImpl.java:45)
at java.base/java.lang.reflect.Constructor.newInstanceWithCaller(Constructor.java:500)
at java.base/java.lang.reflect.Constructor.newInstance(Constructor.java:481)
at org.openqa.selenium.remote.http.W3CHttpResponseCodec.createException(W3CHttpResponseCodec.java:185)
at org.openqa.selenium.remote.http.W3CHttpResponseCodec.decode(W3CHttpResponseCodec.java:120)
at org.openqa.selenium.remote.http.W3CHttpResponseCodec.decode(W3CHttpResponseCodec.java:49)
at org.openqa.selenium.remote.HttpCommandExecutor.execute(HttpCommandExecutor.java:164)
at org.openqa.selenium.remote.service.DriverCommandExecutor.execute(DriverCommandExecutor.java:83)
at org.openqa.selenium.remote.RemoteWebDriver.execute(RemoteWebDriver.java:586)
at org.openqa.selenium.remote.RemoteWebDriver.findElement(RemoteWebDriver.java:356)
at org.openqa.selenium.remote.RemoteWebDriver.findElementById(RemoteWebDriver.java:402)
at org.openqa.selenium.By$ById.findElement(By.java:218)
at org.openqa.selenium.remote.RemoteWebDriver.findElement(RemoteWebDriver.java:348)
at org.openqa.selenium.support.pagefactory.DefaultElementLocator.findElement(DefaultElementLocator.java:69)
at org.openqa.selenium.support.pagefactory.internal.LocatingElementHandler.invoke(LocatingElementHandler.java:38)
at com.sun.proxy.$Proxy15.sendKeys(Unknown Source)
at com.training.pom.MCreateAssignmentPagePOM.EditMaxScore(MCreateAssignmentPagePOM.java:68)
at com.training.medium.tests.ELTCMediumFourthTest.VerfiyAssignmentTest(ELTCMediumFourthTest.java:61)
at java.base/jdk.internal.reflect.NativeMethodAccessorImpl.invoke0(Native Method)
at java.base/jdk.internal.reflect.NativeMethodAccessorImpl.invoke(NativeMethodAccessorImpl.java:62)
at java.base/jdk.internal.reflect.DelegatingMethodAccessorImpl.invoke(DelegatingMethodAccessorImpl.java:43)
at java.base/java.lang.reflect.Method.invoke(Method.java:567)
at org.testng.internal.MethodInvocationHelper.invokeMethod(MethodInvocationHelper.java:133)
at org.testng.internal.TestInvoker.invokeMethod(TestInvoker.java:584)
at org.testng.internal.TestInvoker.invokeTestMethod(TestInvoker.java:172)
at org.testng.internal.MethodRunner.runInSequence(MethodRunner.java:46)
at org.testng.internal.TestInvoker$MethodInvocationAgent.invoke(TestInvoker.java:804)
at org.testng.internal.TestInvoker.invokeTestMethods(TestInvoker.java:145)
at org.testng.internal.TestMethodWorker.invokeTestMethods(TestMethodWorker.java:146)
at org.testng.internal.TestMethodWorker.run(TestMethodWorker.java:128)
at java.base/java.util.ArrayList.forEach(ArrayList.java:1540)
at org.testng.TestRunner.privateRun(TestRunner.java:770)
at org.testng.TestRunner.run(TestRunner.java:591)
at org.testng.SuiteRunner.runTest(SuiteRunner.java:402)
at org.testng.SuiteRunner.runSequentially(SuiteRunner.java:396)
at org.testng.SuiteRunner.privateRun(SuiteRunner.java:355)
at org.testng.SuiteRunner.run(SuiteRunner.java:304)
at org.testng.SuiteRunnerWorker.runSuite(SuiteRunnerWorker.java:53)
at org.testng.SuiteRunnerWorker.run(SuiteRunnerWorker.java:96)
at org.testng.TestNG.runSuitesSequentially(TestNG.java:1180)
at org.testng.TestNG.runSuitesSequentially(TestNG.java:1175)
at org.testng.TestNG.runSuitesLocally(TestNG.java:1102)
at org.testng.TestNG.runSuites(TestNG.java:1032)
at org.testng.TestNG.run(TestNG.java:1000)
at org.testng.remote.AbstractRemoteTestNG.run(AbstractRemoteTestNG.java:115)
at org.testng.remote.RemoteTestNG.initAndRun(RemoteTestNG.java:251)
at org.testng.remote.RemoteTestNG.main(RemoteTestNG.java:77)
]]>
            </full-stacktrace>
          </exception> <!-- org.openqa.selenium.NoSuchElementException -->
          <reporter-output>
          </reporter-output>
        </test-method> <!-- VerfiyAssignmentTest -->
        <test-method is-config="true" signature="AfterMethod()[pri:0, instance:com.training.medium.tests.ELTCMediumFourthTest@19bb07ed]" started-at="2019-12-06T16:45:37 IST" name="AfterMethod" finished-at="2019-12-06T16:45:45 IST" duration-ms="7455" status="PASS">
          <reporter-output>
          </reporter-output>
        </test-method> <!-- AfterMethod -->
      </class> <!-- com.training.medium.tests.ELTCMediumFourthTest -->
    </test> <!-- mediumtestcaseValidation -->
  </suite> <!-- MediumTestSuite -->
  <suite started-at="2019-12-06T16:45:45 IST" name="ComplexTestSuite" finished-at="2019-12-06T16:53:39 IST" duration-ms="473737">
    <groups>
    </groups>
    <test started-at="2019-12-06T16:45:45 IST" name="complextestcaseValidation" finished-at="2019-12-06T16:53:39 IST" duration-ms="473737">
      <class name="com.training.complex.tests.ELTC_Complex_FirstTC">
        <test-method is-config="true" signature="BeforeTest()[pri:0, instance:com.training.complex.tests.ELTC_Complex_FirstTC@21de60b4]" started-at="2019-12-06T16:45:45 IST" name="BeforeTest" finished-at="2019-12-06T16:45:45 IST" duration-ms="0" status="PASS">
          <reporter-output>
          </reporter-output>
        </test-method> <!-- BeforeTest -->
        <test-method is-config="true" signature="BeforeClass()[pri:0, instance:com.training.complex.tests.ELTC_Complex_FirstTC@21de60b4]" started-at="2019-12-06T16:45:45 IST" name="BeforeClass" finished-at="2019-12-06T16:45:45 IST" duration-ms="0" status="PASS">
          <reporter-output>
          </reporter-output>
        </test-method> <!-- BeforeClass -->
        <test-method is-config="true" signature="BeforeMethod()[pri:0, instance:com.training.complex.tests.ELTC_Complex_FirstTC@21de60b4]" started-at="2019-12-06T16:45:47 IST" name="BeforeMethod" finished-at="2019-12-06T16:46:08 IST" duration-ms="20647" status="PASS">
          <reporter-output>
          </reporter-output>
        </test-method> <!-- BeforeMethod -->
        <test-method signature="VerifyRegistration(java.lang.String, java.lang.String, java.lang.String, java.lang.String, java.lang.String, java.lang.String, java.lang.String, java.lang.String)[pri:0, instance:com.training.complex.tests.ELTC_Complex_FirstTC@21de60b4]" started-at="2019-12-06T16:46:08 IST" name="VerifyRegistration" data-provider="FetchData" finished-at="2019-12-06T16:46:12 IST" duration-ms="3825" status="PASS">
          <params>
            <param index="0">
              <value>
                <![CDATA[TestSignupa17]]>
              </value>
            </param>
            <param index="1">
              <value>
                <![CDATA[user]]>
              </value>
            </param>
            <param index="2">
              <value>
                <![CDATA[test1@gmail.com]]>
              </value>
            </param>
            <param index="3">
              <value>
                <![CDATA[TestSignupa17]]>
              </value>
            </param>
            <param index="4">
              <value>
                <![CDATA[Test5@123]]>
              </value>
            </param>
            <param index="5">
              <value>
                <![CDATA[Test5@123]]>
              </value>
            </param>
            <param index="6">
              <value>
                <![CDATA[9876543210]]>
              </value>
            </param>
            <param index="7">
              <value>
                <![CDATA[English]]>
              </value>
            </param>
          </params>
          <reporter-output>
          </reporter-output>
        </test-method> <!-- VerifyRegistration -->
        <test-method is-config="true" signature="AfterMethod()[pri:0, instance:com.training.complex.tests.ELTC_Complex_FirstTC@21de60b4]" started-at="2019-12-06T16:46:12 IST" name="AfterMethod" finished-at="2019-12-06T16:46:14 IST" duration-ms="2202" status="PASS">
          <reporter-output>
          </reporter-output>
        </test-method> <!-- AfterMethod -->
        <test-method is-config="true" signature="BeforeMethod()[pri:0, instance:com.training.complex.tests.ELTC_Complex_FirstTC@21de60b4]" started-at="2019-12-06T16:46:14 IST" name="BeforeMethod" finished-at="2019-12-06T16:46:36 IST" duration-ms="21892" status="PASS">
          <reporter-output>
          </reporter-output>
        </test-method> <!-- BeforeMethod -->
        <test-method signature="VerifyRegistration(java.lang.String, java.lang.String, java.lang.String, java.lang.String, java.lang.String, java.lang.String, java.lang.String, java.lang.String)[pri:0, instance:com.training.complex.tests.ELTC_Complex_FirstTC@21de60b4]" started-at="2019-12-06T16:46:36 IST" name="VerifyRegistration" data-provider="FetchData" finished-at="2019-12-06T16:46:39 IST" duration-ms="3245" status="PASS">
          <params>
            <param index="0">
              <value>
                <![CDATA[TestSignupa14]]>
              </value>
            </param>
            <param index="1">
              <value>
                <![CDATA[user]]>
              </value>
            </param>
            <param index="2">
              <value>
                <![CDATA[test2@gmail.com]]>
              </value>
            </param>
            <param index="3">
              <value>
                <![CDATA[TestSignupa14]]>
              </value>
            </param>
            <param index="4">
              <value>
                <![CDATA[Test6@123]]>
              </value>
            </param>
            <param index="5">
              <value>
                <![CDATA[Test6@123]]>
              </value>
            </param>
            <param index="6">
              <value>
                <![CDATA[9876543210]]>
              </value>
            </param>
            <param index="7">
              <value>
                <![CDATA[English]]>
              </value>
            </param>
          </params>
          <reporter-output>
          </reporter-output>
        </test-method> <!-- VerifyRegistration -->
        <test-method is-config="true" signature="AfterMethod()[pri:0, instance:com.training.complex.tests.ELTC_Complex_FirstTC@21de60b4]" started-at="2019-12-06T16:46:39 IST" name="AfterMethod" finished-at="2019-12-06T16:46:41 IST" duration-ms="2031" status="PASS">
          <reporter-output>
          </reporter-output>
        </test-method> <!-- AfterMethod -->
        <test-method is-config="true" signature="BeforeMethod()[pri:0, instance:com.training.complex.tests.ELTC_Complex_FirstTC@21de60b4]" started-at="2019-12-06T16:46:41 IST" name="BeforeMethod" finished-at="2019-12-06T16:47:04 IST" duration-ms="23087" status="PASS">
          <reporter-output>
          </reporter-output>
        </test-method> <!-- BeforeMethod -->
        <test-method signature="VerifyRegistration(java.lang.String, java.lang.String, java.lang.String, java.lang.String, java.lang.String, java.lang.String, java.lang.String, java.lang.String)[pri:0, instance:com.training.complex.tests.ELTC_Complex_FirstTC@21de60b4]" started-at="2019-12-06T16:47:04 IST" name="VerifyRegistration" data-provider="FetchData" finished-at="2019-12-06T16:47:08 IST" duration-ms="3390" status="PASS">
          <params>
            <param index="0">
              <value>
                <![CDATA[TestSignupa15]]>
              </value>
            </param>
            <param index="1">
              <value>
                <![CDATA[user]]>
              </value>
            </param>
            <param index="2">
              <value>
                <![CDATA[test3@gmail.com]]>
              </value>
            </param>
            <param index="3">
              <value>
                <![CDATA[TestSignupa15]]>
              </value>
            </param>
            <param index="4">
              <value>
                <![CDATA[Test7@123]]>
              </value>
            </param>
            <param index="5">
              <value>
                <![CDATA[Test7@123]]>
              </value>
            </param>
            <param index="6">
              <value>
                <![CDATA[9876543210]]>
              </value>
            </param>
            <param index="7">
              <value>
                <![CDATA[English]]>
              </value>
            </param>
          </params>
          <reporter-output>
          </reporter-output>
        </test-method> <!-- VerifyRegistration -->
        <test-method is-config="true" signature="AfterMethod()[pri:0, instance:com.training.complex.tests.ELTC_Complex_FirstTC@21de60b4]" started-at="2019-12-06T16:47:08 IST" name="AfterMethod" finished-at="2019-12-06T16:47:14 IST" duration-ms="5729" status="PASS">
          <reporter-output>
          </reporter-output>
        </test-method> <!-- AfterMethod -->
        <test-method is-config="true" signature="BeforeMethod()[pri:0, instance:com.training.complex.tests.ELTC_Complex_FirstTC@21de60b4]" started-at="2019-12-06T16:47:14 IST" name="BeforeMethod" finished-at="2019-12-06T16:47:37 IST" duration-ms="23063" status="PASS">
          <reporter-output>
          </reporter-output>
        </test-method> <!-- BeforeMethod -->
        <test-method signature="VerifyRegistration(java.lang.String, java.lang.String, java.lang.String, java.lang.String, java.lang.String, java.lang.String, java.lang.String, java.lang.String)[pri:0, instance:com.training.complex.tests.ELTC_Complex_FirstTC@21de60b4]" started-at="2019-12-06T16:47:37 IST" name="VerifyRegistration" data-provider="FetchData" finished-at="2019-12-06T16:47:40 IST" duration-ms="3462" status="PASS">
          <params>
            <param index="0">
              <value>
                <![CDATA[TestSignupa16]]>
              </value>
            </param>
            <param index="1">
              <value>
                <![CDATA[user]]>
              </value>
            </param>
            <param index="2">
              <value>
                <![CDATA[test4@gmail.com]]>
              </value>
            </param>
            <param index="3">
              <value>
                <![CDATA[TestSignupa16]]>
              </value>
            </param>
            <param index="4">
              <value>
                <![CDATA[Test8@123]]>
              </value>
            </param>
            <param index="5">
              <value>
                <![CDATA[Test8@123]]>
              </value>
            </param>
            <param index="6">
              <value>
                <![CDATA[9876543210]]>
              </value>
            </param>
            <param index="7">
              <value>
                <![CDATA[English]]>
              </value>
            </param>
          </params>
          <reporter-output>
          </reporter-output>
        </test-method> <!-- VerifyRegistration -->
        <test-method is-config="true" signature="AfterMethod()[pri:0, instance:com.training.complex.tests.ELTC_Complex_FirstTC@21de60b4]" started-at="2019-12-06T16:47:40 IST" name="AfterMethod" finished-at="2019-12-06T16:47:42 IST" duration-ms="2169" status="PASS">
          <reporter-output>
          </reporter-output>
        </test-method> <!-- AfterMethod -->
      </class> <!-- com.training.complex.tests.ELTC_Complex_FirstTC -->
      <class name="com.training.complex.tests.ELTC_Complex_SecondTC">
        <test-method is-config="true" signature="BeforeTest()[pri:0, instance:com.training.complex.tests.ELTC_Complex_SecondTC@c267ef4]" started-at="2019-12-06T16:45:45 IST" name="BeforeTest" finished-at="2019-12-06T16:45:45 IST" duration-ms="0" status="PASS">
          <reporter-output>
          </reporter-output>
        </test-method> <!-- BeforeTest -->
        <test-method is-config="true" signature="BeforeClass()[pri:0, instance:com.training.complex.tests.ELTC_Complex_SecondTC@c267ef4]" started-at="2019-12-06T16:47:42 IST" name="BeforeClass" finished-at="2019-12-06T16:47:42 IST" duration-ms="1" status="PASS">
          <reporter-output>
          </reporter-output>
        </test-method> <!-- BeforeClass -->
        <test-method is-config="true" signature="BeforeMethod()[pri:0, instance:com.training.complex.tests.ELTC_Complex_SecondTC@c267ef4]" started-at="2019-12-06T16:47:42 IST" name="BeforeMethod" finished-at="2019-12-06T16:48:05 IST" duration-ms="23069" status="PASS">
          <reporter-output>
          </reporter-output>
        </test-method> <!-- BeforeMethod -->
        <test-method signature="VerifyRegistration(java.lang.String, java.lang.String, java.lang.String, java.lang.String, java.lang.String, java.lang.String, java.lang.String, java.lang.String)[pri:0, instance:com.training.complex.tests.ELTC_Complex_SecondTC@c267ef4]" started-at="2019-12-06T16:48:05 IST" name="VerifyRegistration" data-provider="FetchData" finished-at="2019-12-06T16:48:08 IST" duration-ms="2378" status="PASS">
          <params>
            <param index="0">
              <value>
                <![CDATA[1234]]>
              </value>
            </param>
            <param index="1">
              <value>
                <![CDATA[user]]>
              </value>
            </param>
            <param index="2">
              <value>
                <![CDATA[test123@gmail.com]]>
              </value>
            </param>
            <param index="3">
              <value>
                <![CDATA[$#$^&3]]>
              </value>
            </param>
            <param index="4">
              <value>
                <![CDATA[test@123]]>
              </value>
            </param>
            <param index="5">
              <value>
                <![CDATA[test@123]]>
              </value>
            </param>
            <param index="6">
              <value>
                <![CDATA[9876543210]]>
              </value>
            </param>
            <param index="7">
              <value>
                <![CDATA[English]]>
              </value>
            </param>
          </params>
          <reporter-output>
          </reporter-output>
        </test-method> <!-- VerifyRegistration -->
        <test-method is-config="true" signature="AfterMethod()[pri:0, instance:com.training.complex.tests.ELTC_Complex_SecondTC@c267ef4]" started-at="2019-12-06T16:48:08 IST" name="AfterMethod" finished-at="2019-12-06T16:49:08 IST" duration-ms="60093" status="FAIL">
          <exception class="org.openqa.selenium.NoSuchElementException">
            <message>
              <![CDATA[no such element: Unable to locate element: {"method":"xpath","selector":"//a[@class='dropdown-toggle']"}
  (Session info: chrome=78.0.3904.108)
For documentation on this error, please visit: http://seleniumhq.org/exceptions/no_such_element.html
Build info: version: '3.6.0', revision: '6fbf3ec767', time: '2017-09-27T15:28:36.4Z'
System info: host: 'DESKTOP-6MESNTB', ip: '9.199.55.210', os.name: 'Windows 10', os.arch: 'amd64', os.version: '10.0', java.version: '12.0.2'
Driver info: org.openqa.selenium.chrome.ChromeDriver
Capabilities [{networkConnectionEnabled=false, chrome={chromedriverVersion=78.0.3904.70 (edb9c9f3de0247fd912a77b7f6cae7447f6d3ad5-refs/branch-heads/3904@{#800}), userDataDir=C:\Users\ARUNAL~1\AppData\Local\Temp\scoped_dir25116_1318306945}, timeouts={implicit=0, pageLoad=300000, script=30000}, pageLoadStrategy=normal, unhandledPromptBehavior=dismiss and notify, strictFileInteractability=false, platform=XP, proxy=Proxy(), goog:chromeOptions={debuggerAddress=localhost:65261}, acceptInsecureCerts=false, browserVersion=78.0.3904.108, browserName=chrome, javascriptEnabled=true, platformName=XP, setWindowRect=true}]
Session ID: a70c022a0058378908451b8ce08cebd5
*** Element info: {Using=xpath, value=//a[@class='dropdown-toggle']}]]>
            </message>
            <full-stacktrace>
              <![CDATA[org.openqa.selenium.NoSuchElementException: no such element: Unable to locate element: {"method":"xpath","selector":"//a[@class='dropdown-toggle']"}
  (Session info: chrome=78.0.3904.108)
For documentation on this error, please visit: http://seleniumhq.org/exceptions/no_such_element.html
Build info: version: '3.6.0', revision: '6fbf3ec767', time: '2017-09-27T15:28:36.4Z'
System info: host: 'DESKTOP-6MESNTB', ip: '9.199.55.210', os.name: 'Windows 10', os.arch: 'amd64', os.version: '10.0', java.version: '12.0.2'
Driver info: org.openqa.selenium.chrome.ChromeDriver
Capabilities [{networkConnectionEnabled=false, chrome={chromedriverVersion=78.0.3904.70 (edb9c9f3de0247fd912a77b7f6cae7447f6d3ad5-refs/branch-heads/3904@{#800}), userDataDir=C:\Users\ARUNAL~1\AppData\Local\Temp\scoped_dir25116_1318306945}, timeouts={implicit=0, pageLoad=300000, script=30000}, pageLoadStrategy=normal, unhandledPromptBehavior=dismiss and notify, strictFileInteractability=false, platform=XP, proxy=Proxy(), goog:chromeOptions={debuggerAddress=localhost:65261}, acceptInsecureCerts=false, browserVersion=78.0.3904.108, browserName=chrome, javascriptEnabled=true, platformName=XP, setWindowRect=true}]
Session ID: a70c022a0058378908451b8ce08cebd5
*** Element info: {Using=xpath, value=//a[@class='dropdown-toggle']}
at java.base/jdk.internal.reflect.NativeConstructorAccessorImpl.newInstance0(Native Method)
at java.base/jdk.internal.reflect.NativeConstructorAccessorImpl.newInstance(NativeConstructorAccessorImpl.java:62)
at java.base/jdk.internal.reflect.DelegatingConstructorAccessorImpl.newInstance(DelegatingConstructorAccessorImpl.java:45)
at java.base/java.lang.reflect.Constructor.newInstanceWithCaller(Constructor.java:500)
at java.base/java.lang.reflect.Constructor.newInstance(Constructor.java:481)
at org.openqa.selenium.remote.http.W3CHttpResponseCodec.createException(W3CHttpResponseCodec.java:185)
at org.openqa.selenium.remote.http.W3CHttpResponseCodec.decode(W3CHttpResponseCodec.java:120)
at org.openqa.selenium.remote.http.W3CHttpResponseCodec.decode(W3CHttpResponseCodec.java:49)
at org.openqa.selenium.remote.HttpCommandExecutor.execute(HttpCommandExecutor.java:164)
at org.openqa.selenium.remote.service.DriverCommandExecutor.execute(DriverCommandExecutor.java:83)
at org.openqa.selenium.remote.RemoteWebDriver.execute(RemoteWebDriver.java:586)
at org.openqa.selenium.remote.RemoteWebDriver.findElement(RemoteWebDriver.java:356)
at org.openqa.selenium.remote.RemoteWebDriver.findElementByXPath(RemoteWebDriver.java:458)
at org.openqa.selenium.By$ByXPath.findElement(By.java:361)
at org.openqa.selenium.remote.RemoteWebDriver.findElement(RemoteWebDriver.java:348)
at com.training.pom.BaseClassPOM.logout(BaseClassPOM.java:30)
at com.training.complex.tests.ELTC_Complex_SecondTC.AfterMethod(ELTC_Complex_SecondTC.java:49)
at java.base/jdk.internal.reflect.NativeMethodAccessorImpl.invoke0(Native Method)
at java.base/jdk.internal.reflect.NativeMethodAccessorImpl.invoke(NativeMethodAccessorImpl.java:62)
at java.base/jdk.internal.reflect.DelegatingMethodAccessorImpl.invoke(DelegatingMethodAccessorImpl.java:43)
at java.base/java.lang.reflect.Method.invoke(Method.java:567)
at org.testng.internal.MethodInvocationHelper.invokeMethod(MethodInvocationHelper.java:133)
at org.testng.internal.MethodInvocationHelper.invokeMethodConsideringTimeout(MethodInvocationHelper.java:62)
at org.testng.internal.ConfigInvoker.invokeConfigurationMethod(ConfigInvoker.java:340)
at org.testng.internal.ConfigInvoker.invokeConfigurations(ConfigInvoker.java:294)
at org.testng.internal.TestInvoker.runConfigMethods(TestInvoker.java:683)
at org.testng.internal.TestInvoker.runAfterGroupsConfigurations(TestInvoker.java:658)
at org.testng.internal.TestInvoker.invokeMethod(TestInvoker.java:642)
at org.testng.internal.TestInvoker.invokeTestMethod(TestInvoker.java:172)
at org.testng.internal.MethodRunner.runInSequence(MethodRunner.java:46)
at org.testng.internal.TestInvoker$MethodInvocationAgent.invoke(TestInvoker.java:804)
at org.testng.internal.TestInvoker.invokeTestMethods(TestInvoker.java:145)
at org.testng.internal.TestMethodWorker.invokeTestMethods(TestMethodWorker.java:146)
at org.testng.internal.TestMethodWorker.run(TestMethodWorker.java:128)
at java.base/java.util.ArrayList.forEach(ArrayList.java:1540)
at org.testng.TestRunner.privateRun(TestRunner.java:770)
at org.testng.TestRunner.run(TestRunner.java:591)
at org.testng.SuiteRunner.runTest(SuiteRunner.java:402)
at org.testng.SuiteRunner.runSequentially(SuiteRunner.java:396)
at org.testng.SuiteRunner.privateRun(SuiteRunner.java:355)
at org.testng.SuiteRunner.run(SuiteRunner.java:304)
at org.testng.SuiteRunnerWorker.runSuite(SuiteRunnerWorker.java:53)
at org.testng.SuiteRunnerWorker.run(SuiteRunnerWorker.java:96)
at org.testng.TestNG.runSuitesSequentially(TestNG.java:1180)
at org.testng.TestNG.runSuitesSequentially(TestNG.java:1175)
at org.testng.TestNG.runSuitesLocally(TestNG.java:1102)
at org.testng.TestNG.runSuites(TestNG.java:1032)
at org.testng.TestNG.run(TestNG.java:1000)
at org.testng.remote.AbstractRemoteTestNG.run(AbstractRemoteTestNG.java:115)
at org.testng.remote.RemoteTestNG.initAndRun(RemoteTestNG.java:251)
at org.testng.remote.RemoteTestNG.main(RemoteTestNG.java:77)
]]>
            </full-stacktrace>
          </exception> <!-- org.openqa.selenium.NoSuchElementException -->
          <reporter-output>
          </reporter-output>
        </test-method> <!-- AfterMethod -->
        <test-method is-config="true" signature="BeforeMethod()[pri:0, instance:com.training.complex.tests.ELTC_Complex_SecondTC@c267ef4]" started-at="2019-12-06T16:49:08 IST" name="BeforeMethod" finished-at="1970-01-01T05:30:00 IST" duration-ms="-1575631148402" status="SKIP">
          <reporter-output>
          </reporter-output>
        </test-method> <!-- BeforeMethod -->
        <test-method signature="VerifyRegistration(java.lang.String, java.lang.String, java.lang.String, java.lang.String, java.lang.String, java.lang.String, java.lang.String, java.lang.String)[pri:0, instance:com.training.complex.tests.ELTC_Complex_SecondTC@c267ef4]" started-at="2019-12-06T16:49:08 IST" name="VerifyRegistration" data-provider="FetchData" finished-at="2019-12-06T16:49:08 IST" duration-ms="0" status="SKIP">
          <exception class="org.openqa.selenium.NoSuchElementException">
            <message>
              <![CDATA[no such element: Unable to locate element: {"method":"xpath","selector":"//a[@class='dropdown-toggle']"}
  (Session info: chrome=78.0.3904.108)
For documentation on this error, please visit: http://seleniumhq.org/exceptions/no_such_element.html
Build info: version: '3.6.0', revision: '6fbf3ec767', time: '2017-09-27T15:28:36.4Z'
System info: host: 'DESKTOP-6MESNTB', ip: '9.199.55.210', os.name: 'Windows 10', os.arch: 'amd64', os.version: '10.0', java.version: '12.0.2'
Driver info: org.openqa.selenium.chrome.ChromeDriver
Capabilities [{networkConnectionEnabled=false, chrome={chromedriverVersion=78.0.3904.70 (edb9c9f3de0247fd912a77b7f6cae7447f6d3ad5-refs/branch-heads/3904@{#800}), userDataDir=C:\Users\ARUNAL~1\AppData\Local\Temp\scoped_dir25116_1318306945}, timeouts={implicit=0, pageLoad=300000, script=30000}, pageLoadStrategy=normal, unhandledPromptBehavior=dismiss and notify, strictFileInteractability=false, platform=XP, proxy=Proxy(), goog:chromeOptions={debuggerAddress=localhost:65261}, acceptInsecureCerts=false, browserVersion=78.0.3904.108, browserName=chrome, javascriptEnabled=true, platformName=XP, setWindowRect=true}]
Session ID: a70c022a0058378908451b8ce08cebd5
*** Element info: {Using=xpath, value=//a[@class='dropdown-toggle']}]]>
            </message>
            <full-stacktrace>
              <![CDATA[org.openqa.selenium.NoSuchElementException: no such element: Unable to locate element: {"method":"xpath","selector":"//a[@class='dropdown-toggle']"}
  (Session info: chrome=78.0.3904.108)
For documentation on this error, please visit: http://seleniumhq.org/exceptions/no_such_element.html
Build info: version: '3.6.0', revision: '6fbf3ec767', time: '2017-09-27T15:28:36.4Z'
System info: host: 'DESKTOP-6MESNTB', ip: '9.199.55.210', os.name: 'Windows 10', os.arch: 'amd64', os.version: '10.0', java.version: '12.0.2'
Driver info: org.openqa.selenium.chrome.ChromeDriver
Capabilities [{networkConnectionEnabled=false, chrome={chromedriverVersion=78.0.3904.70 (edb9c9f3de0247fd912a77b7f6cae7447f6d3ad5-refs/branch-heads/3904@{#800}), userDataDir=C:\Users\ARUNAL~1\AppData\Local\Temp\scoped_dir25116_1318306945}, timeouts={implicit=0, pageLoad=300000, script=30000}, pageLoadStrategy=normal, unhandledPromptBehavior=dismiss and notify, strictFileInteractability=false, platform=XP, proxy=Proxy(), goog:chromeOptions={debuggerAddress=localhost:65261}, acceptInsecureCerts=false, browserVersion=78.0.3904.108, browserName=chrome, javascriptEnabled=true, platformName=XP, setWindowRect=true}]
Session ID: a70c022a0058378908451b8ce08cebd5
*** Element info: {Using=xpath, value=//a[@class='dropdown-toggle']}
at java.base/jdk.internal.reflect.NativeConstructorAccessorImpl.newInstance0(Native Method)
at java.base/jdk.internal.reflect.NativeConstructorAccessorImpl.newInstance(NativeConstructorAccessorImpl.java:62)
at java.base/jdk.internal.reflect.DelegatingConstructorAccessorImpl.newInstance(DelegatingConstructorAccessorImpl.java:45)
at java.base/java.lang.reflect.Constructor.newInstanceWithCaller(Constructor.java:500)
at java.base/java.lang.reflect.Constructor.newInstance(Constructor.java:481)
at org.openqa.selenium.remote.http.W3CHttpResponseCodec.createException(W3CHttpResponseCodec.java:185)
at org.openqa.selenium.remote.http.W3CHttpResponseCodec.decode(W3CHttpResponseCodec.java:120)
at org.openqa.selenium.remote.http.W3CHttpResponseCodec.decode(W3CHttpResponseCodec.java:49)
at org.openqa.selenium.remote.HttpCommandExecutor.execute(HttpCommandExecutor.java:164)
at org.openqa.selenium.remote.service.DriverCommandExecutor.execute(DriverCommandExecutor.java:83)
at org.openqa.selenium.remote.RemoteWebDriver.execute(RemoteWebDriver.java:586)
at org.openqa.selenium.remote.RemoteWebDriver.findElement(RemoteWebDriver.java:356)
at org.openqa.selenium.remote.RemoteWebDriver.findElementByXPath(RemoteWebDriver.java:458)
at org.openqa.selenium.By$ByXPath.findElement(By.java:361)
at org.openqa.selenium.remote.RemoteWebDriver.findElement(RemoteWebDriver.java:348)
at com.training.pom.BaseClassPOM.logout(BaseClassPOM.java:30)
at com.training.complex.tests.ELTC_Complex_SecondTC.AfterMethod(ELTC_Complex_SecondTC.java:49)
at java.base/jdk.internal.reflect.NativeMethodAccessorImpl.invoke0(Native Method)
at java.base/jdk.internal.reflect.NativeMethodAccessorImpl.invoke(NativeMethodAccessorImpl.java:62)
at java.base/jdk.internal.reflect.DelegatingMethodAccessorImpl.invoke(DelegatingMethodAccessorImpl.java:43)
at java.base/java.lang.reflect.Method.invoke(Method.java:567)
at org.testng.internal.MethodInvocationHelper.invokeMethod(MethodInvocationHelper.java:133)
at org.testng.internal.MethodInvocationHelper.invokeMethodConsideringTimeout(MethodInvocationHelper.java:62)
at org.testng.internal.ConfigInvoker.invokeConfigurationMethod(ConfigInvoker.java:340)
at org.testng.internal.ConfigInvoker.invokeConfigurations(ConfigInvoker.java:294)
at org.testng.internal.TestInvoker.runConfigMethods(TestInvoker.java:683)
at org.testng.internal.TestInvoker.runAfterGroupsConfigurations(TestInvoker.java:658)
at org.testng.internal.TestInvoker.invokeMethod(TestInvoker.java:642)
at org.testng.internal.TestInvoker.invokeTestMethod(TestInvoker.java:172)
at org.testng.internal.MethodRunner.runInSequence(MethodRunner.java:46)
at org.testng.internal.TestInvoker$MethodInvocationAgent.invoke(TestInvoker.java:804)
at org.testng.internal.TestInvoker.invokeTestMethods(TestInvoker.java:145)
at org.testng.internal.TestMethodWorker.invokeTestMethods(TestMethodWorker.java:146)
at org.testng.internal.TestMethodWorker.run(TestMethodWorker.java:128)
at java.base/java.util.ArrayList.forEach(ArrayList.java:1540)
at org.testng.TestRunner.privateRun(TestRunner.java:770)
at org.testng.TestRunner.run(TestRunner.java:591)
at org.testng.SuiteRunner.runTest(SuiteRunner.java:402)
at org.testng.SuiteRunner.runSequentially(SuiteRunner.java:396)
at org.testng.SuiteRunner.privateRun(SuiteRunner.java:355)
at org.testng.SuiteRunner.run(SuiteRunner.java:304)
at org.testng.SuiteRunnerWorker.runSuite(SuiteRunnerWorker.java:53)
at org.testng.SuiteRunnerWorker.run(SuiteRunnerWorker.java:96)
at org.testng.TestNG.runSuitesSequentially(TestNG.java:1180)
at org.testng.TestNG.runSuitesSequentially(TestNG.java:1175)
at org.testng.TestNG.runSuitesLocally(TestNG.java:1102)
at org.testng.TestNG.runSuites(TestNG.java:1032)
at org.testng.TestNG.run(TestNG.java:1000)
at org.testng.remote.AbstractRemoteTestNG.run(AbstractRemoteTestNG.java:115)
at org.testng.remote.RemoteTestNG.initAndRun(RemoteTestNG.java:251)
at org.testng.remote.RemoteTestNG.main(RemoteTestNG.java:77)
]]>
            </full-stacktrace>
          </exception> <!-- org.openqa.selenium.NoSuchElementException -->
          <reporter-output>
          </reporter-output>
        </test-method> <!-- VerifyRegistration -->
        <test-method is-config="true" signature="AfterMethod()[pri:0, instance:com.training.complex.tests.ELTC_Complex_SecondTC@c267ef4]" started-at="2019-12-06T16:49:08 IST" name="AfterMethod" finished-at="1970-01-01T05:30:00 IST" duration-ms="-1575631148425" status="SKIP">
          <reporter-output>
          </reporter-output>
        </test-method> <!-- AfterMethod -->
        <test-method is-config="true" signature="BeforeMethod()[pri:0, instance:com.training.complex.tests.ELTC_Complex_SecondTC@c267ef4]" started-at="2019-12-06T16:49:08 IST" name="BeforeMethod" finished-at="1970-01-01T05:30:00 IST" duration-ms="-1575631148430" status="SKIP">
          <reporter-output>
          </reporter-output>
        </test-method> <!-- BeforeMethod -->
        <test-method signature="VerifyRegistration(java.lang.String, java.lang.String, java.lang.String, java.lang.String, java.lang.String, java.lang.String, java.lang.String, java.lang.String)[pri:0, instance:com.training.complex.tests.ELTC_Complex_SecondTC@c267ef4]" started-at="2019-12-06T16:49:08 IST" name="VerifyRegistration" data-provider="FetchData" finished-at="2019-12-06T16:49:08 IST" duration-ms="0" status="SKIP">
          <exception class="org.openqa.selenium.NoSuchElementException">
            <message>
              <![CDATA[no such element: Unable to locate element: {"method":"xpath","selector":"//a[@class='dropdown-toggle']"}
  (Session info: chrome=78.0.3904.108)
For documentation on this error, please visit: http://seleniumhq.org/exceptions/no_such_element.html
Build info: version: '3.6.0', revision: '6fbf3ec767', time: '2017-09-27T15:28:36.4Z'
System info: host: 'DESKTOP-6MESNTB', ip: '9.199.55.210', os.name: 'Windows 10', os.arch: 'amd64', os.version: '10.0', java.version: '12.0.2'
Driver info: org.openqa.selenium.chrome.ChromeDriver
Capabilities [{networkConnectionEnabled=false, chrome={chromedriverVersion=78.0.3904.70 (edb9c9f3de0247fd912a77b7f6cae7447f6d3ad5-refs/branch-heads/3904@{#800}), userDataDir=C:\Users\ARUNAL~1\AppData\Local\Temp\scoped_dir25116_1318306945}, timeouts={implicit=0, pageLoad=300000, script=30000}, pageLoadStrategy=normal, unhandledPromptBehavior=dismiss and notify, strictFileInteractability=false, platform=XP, proxy=Proxy(), goog:chromeOptions={debuggerAddress=localhost:65261}, acceptInsecureCerts=false, browserVersion=78.0.3904.108, browserName=chrome, javascriptEnabled=true, platformName=XP, setWindowRect=true}]
Session ID: a70c022a0058378908451b8ce08cebd5
*** Element info: {Using=xpath, value=//a[@class='dropdown-toggle']}]]>
            </message>
            <full-stacktrace>
              <![CDATA[org.openqa.selenium.NoSuchElementException: no such element: Unable to locate element: {"method":"xpath","selector":"//a[@class='dropdown-toggle']"}
  (Session info: chrome=78.0.3904.108)
For documentation on this error, please visit: http://seleniumhq.org/exceptions/no_such_element.html
Build info: version: '3.6.0', revision: '6fbf3ec767', time: '2017-09-27T15:28:36.4Z'
System info: host: 'DESKTOP-6MESNTB', ip: '9.199.55.210', os.name: 'Windows 10', os.arch: 'amd64', os.version: '10.0', java.version: '12.0.2'
Driver info: org.openqa.selenium.chrome.ChromeDriver
Capabilities [{networkConnectionEnabled=false, chrome={chromedriverVersion=78.0.3904.70 (edb9c9f3de0247fd912a77b7f6cae7447f6d3ad5-refs/branch-heads/3904@{#800}), userDataDir=C:\Users\ARUNAL~1\AppData\Local\Temp\scoped_dir25116_1318306945}, timeouts={implicit=0, pageLoad=300000, script=30000}, pageLoadStrategy=normal, unhandledPromptBehavior=dismiss and notify, strictFileInteractability=false, platform=XP, proxy=Proxy(), goog:chromeOptions={debuggerAddress=localhost:65261}, acceptInsecureCerts=false, browserVersion=78.0.3904.108, browserName=chrome, javascriptEnabled=true, platformName=XP, setWindowRect=true}]
Session ID: a70c022a0058378908451b8ce08cebd5
*** Element info: {Using=xpath, value=//a[@class='dropdown-toggle']}
at java.base/jdk.internal.reflect.NativeConstructorAccessorImpl.newInstance0(Native Method)
at java.base/jdk.internal.reflect.NativeConstructorAccessorImpl.newInstance(NativeConstructorAccessorImpl.java:62)
at java.base/jdk.internal.reflect.DelegatingConstructorAccessorImpl.newInstance(DelegatingConstructorAccessorImpl.java:45)
at java.base/java.lang.reflect.Constructor.newInstanceWithCaller(Constructor.java:500)
at java.base/java.lang.reflect.Constructor.newInstance(Constructor.java:481)
at org.openqa.selenium.remote.http.W3CHttpResponseCodec.createException(W3CHttpResponseCodec.java:185)
at org.openqa.selenium.remote.http.W3CHttpResponseCodec.decode(W3CHttpResponseCodec.java:120)
at org.openqa.selenium.remote.http.W3CHttpResponseCodec.decode(W3CHttpResponseCodec.java:49)
at org.openqa.selenium.remote.HttpCommandExecutor.execute(HttpCommandExecutor.java:164)
at org.openqa.selenium.remote.service.DriverCommandExecutor.execute(DriverCommandExecutor.java:83)
at org.openqa.selenium.remote.RemoteWebDriver.execute(RemoteWebDriver.java:586)
at org.openqa.selenium.remote.RemoteWebDriver.findElement(RemoteWebDriver.java:356)
at org.openqa.selenium.remote.RemoteWebDriver.findElementByXPath(RemoteWebDriver.java:458)
at org.openqa.selenium.By$ByXPath.findElement(By.java:361)
at org.openqa.selenium.remote.RemoteWebDriver.findElement(RemoteWebDriver.java:348)
at com.training.pom.BaseClassPOM.logout(BaseClassPOM.java:30)
at com.training.complex.tests.ELTC_Complex_SecondTC.AfterMethod(ELTC_Complex_SecondTC.java:49)
at java.base/jdk.internal.reflect.NativeMethodAccessorImpl.invoke0(Native Method)
at java.base/jdk.internal.reflect.NativeMethodAccessorImpl.invoke(NativeMethodAccessorImpl.java:62)
at java.base/jdk.internal.reflect.DelegatingMethodAccessorImpl.invoke(DelegatingMethodAccessorImpl.java:43)
at java.base/java.lang.reflect.Method.invoke(Method.java:567)
at org.testng.internal.MethodInvocationHelper.invokeMethod(MethodInvocationHelper.java:133)
at org.testng.internal.MethodInvocationHelper.invokeMethodConsideringTimeout(MethodInvocationHelper.java:62)
at org.testng.internal.ConfigInvoker.invokeConfigurationMethod(ConfigInvoker.java:340)
at org.testng.internal.ConfigInvoker.invokeConfigurations(ConfigInvoker.java:294)
at org.testng.internal.TestInvoker.runConfigMethods(TestInvoker.java:683)
at org.testng.internal.TestInvoker.runAfterGroupsConfigurations(TestInvoker.java:658)
at org.testng.internal.TestInvoker.invokeMethod(TestInvoker.java:642)
at org.testng.internal.TestInvoker.invokeTestMethod(TestInvoker.java:172)
at org.testng.internal.MethodRunner.runInSequence(MethodRunner.java:46)
at org.testng.internal.TestInvoker$MethodInvocationAgent.invoke(TestInvoker.java:804)
at org.testng.internal.TestInvoker.invokeTestMethods(TestInvoker.java:145)
at org.testng.internal.TestMethodWorker.invokeTestMethods(TestMethodWorker.java:146)
at org.testng.internal.TestMethodWorker.run(TestMethodWorker.java:128)
at java.base/java.util.ArrayList.forEach(ArrayList.java:1540)
at org.testng.TestRunner.privateRun(TestRunner.java:770)
at org.testng.TestRunner.run(TestRunner.java:591)
at org.testng.SuiteRunner.runTest(SuiteRunner.java:402)
at org.testng.SuiteRunner.runSequentially(SuiteRunner.java:396)
at org.testng.SuiteRunner.privateRun(SuiteRunner.java:355)
at org.testng.SuiteRunner.run(SuiteRunner.java:304)
at org.testng.SuiteRunnerWorker.runSuite(SuiteRunnerWorker.java:53)
at org.testng.SuiteRunnerWorker.run(SuiteRunnerWorker.java:96)
at org.testng.TestNG.runSuitesSequentially(TestNG.java:1180)
at org.testng.TestNG.runSuitesSequentially(TestNG.java:1175)
at org.testng.TestNG.runSuitesLocally(TestNG.java:1102)
at org.testng.TestNG.runSuites(TestNG.java:1032)
at org.testng.TestNG.run(TestNG.java:1000)
at org.testng.remote.AbstractRemoteTestNG.run(AbstractRemoteTestNG.java:115)
at org.testng.remote.RemoteTestNG.initAndRun(RemoteTestNG.java:251)
at org.testng.remote.RemoteTestNG.main(RemoteTestNG.java:77)
]]>
            </full-stacktrace>
          </exception> <!-- org.openqa.selenium.NoSuchElementException -->
          <reporter-output>
          </reporter-output>
        </test-method> <!-- VerifyRegistration -->
        <test-method is-config="true" signature="AfterMethod()[pri:0, instance:com.training.complex.tests.ELTC_Complex_SecondTC@c267ef4]" started-at="2019-12-06T16:49:08 IST" name="AfterMethod" finished-at="1970-01-01T05:30:00 IST" duration-ms="-1575631148445" status="SKIP">
          <reporter-output>
          </reporter-output>
        </test-method> <!-- AfterMethod -->
        <test-method is-config="true" signature="BeforeMethod()[pri:0, instance:com.training.complex.tests.ELTC_Complex_SecondTC@c267ef4]" started-at="2019-12-06T16:49:08 IST" name="BeforeMethod" finished-at="1970-01-01T05:30:00 IST" duration-ms="-1575631148450" status="SKIP">
          <reporter-output>
          </reporter-output>
        </test-method> <!-- BeforeMethod -->
        <test-method signature="VerifyRegistration(java.lang.String, java.lang.String, java.lang.String, java.lang.String, java.lang.String, java.lang.String, java.lang.String, java.lang.String)[pri:0, instance:com.training.complex.tests.ELTC_Complex_SecondTC@c267ef4]" started-at="2019-12-06T16:49:08 IST" name="VerifyRegistration" data-provider="FetchData" finished-at="2019-12-06T16:49:08 IST" duration-ms="0" status="SKIP">
          <exception class="org.openqa.selenium.NoSuchElementException">
            <message>
              <![CDATA[no such element: Unable to locate element: {"method":"xpath","selector":"//a[@class='dropdown-toggle']"}
  (Session info: chrome=78.0.3904.108)
For documentation on this error, please visit: http://seleniumhq.org/exceptions/no_such_element.html
Build info: version: '3.6.0', revision: '6fbf3ec767', time: '2017-09-27T15:28:36.4Z'
System info: host: 'DESKTOP-6MESNTB', ip: '9.199.55.210', os.name: 'Windows 10', os.arch: 'amd64', os.version: '10.0', java.version: '12.0.2'
Driver info: org.openqa.selenium.chrome.ChromeDriver
Capabilities [{networkConnectionEnabled=false, chrome={chromedriverVersion=78.0.3904.70 (edb9c9f3de0247fd912a77b7f6cae7447f6d3ad5-refs/branch-heads/3904@{#800}), userDataDir=C:\Users\ARUNAL~1\AppData\Local\Temp\scoped_dir25116_1318306945}, timeouts={implicit=0, pageLoad=300000, script=30000}, pageLoadStrategy=normal, unhandledPromptBehavior=dismiss and notify, strictFileInteractability=false, platform=XP, proxy=Proxy(), goog:chromeOptions={debuggerAddress=localhost:65261}, acceptInsecureCerts=false, browserVersion=78.0.3904.108, browserName=chrome, javascriptEnabled=true, platformName=XP, setWindowRect=true}]
Session ID: a70c022a0058378908451b8ce08cebd5
*** Element info: {Using=xpath, value=//a[@class='dropdown-toggle']}]]>
            </message>
            <full-stacktrace>
              <![CDATA[org.openqa.selenium.NoSuchElementException: no such element: Unable to locate element: {"method":"xpath","selector":"//a[@class='dropdown-toggle']"}
  (Session info: chrome=78.0.3904.108)
For documentation on this error, please visit: http://seleniumhq.org/exceptions/no_such_element.html
Build info: version: '3.6.0', revision: '6fbf3ec767', time: '2017-09-27T15:28:36.4Z'
System info: host: 'DESKTOP-6MESNTB', ip: '9.199.55.210', os.name: 'Windows 10', os.arch: 'amd64', os.version: '10.0', java.version: '12.0.2'
Driver info: org.openqa.selenium.chrome.ChromeDriver
Capabilities [{networkConnectionEnabled=false, chrome={chromedriverVersion=78.0.3904.70 (edb9c9f3de0247fd912a77b7f6cae7447f6d3ad5-refs/branch-heads/3904@{#800}), userDataDir=C:\Users\ARUNAL~1\AppData\Local\Temp\scoped_dir25116_1318306945}, timeouts={implicit=0, pageLoad=300000, script=30000}, pageLoadStrategy=normal, unhandledPromptBehavior=dismiss and notify, strictFileInteractability=false, platform=XP, proxy=Proxy(), goog:chromeOptions={debuggerAddress=localhost:65261}, acceptInsecureCerts=false, browserVersion=78.0.3904.108, browserName=chrome, javascriptEnabled=true, platformName=XP, setWindowRect=true}]
Session ID: a70c022a0058378908451b8ce08cebd5
*** Element info: {Using=xpath, value=//a[@class='dropdown-toggle']}
at java.base/jdk.internal.reflect.NativeConstructorAccessorImpl.newInstance0(Native Method)
at java.base/jdk.internal.reflect.NativeConstructorAccessorImpl.newInstance(NativeConstructorAccessorImpl.java:62)
at java.base/jdk.internal.reflect.DelegatingConstructorAccessorImpl.newInstance(DelegatingConstructorAccessorImpl.java:45)
at java.base/java.lang.reflect.Constructor.newInstanceWithCaller(Constructor.java:500)
at java.base/java.lang.reflect.Constructor.newInstance(Constructor.java:481)
at org.openqa.selenium.remote.http.W3CHttpResponseCodec.createException(W3CHttpResponseCodec.java:185)
at org.openqa.selenium.remote.http.W3CHttpResponseCodec.decode(W3CHttpResponseCodec.java:120)
at org.openqa.selenium.remote.http.W3CHttpResponseCodec.decode(W3CHttpResponseCodec.java:49)
at org.openqa.selenium.remote.HttpCommandExecutor.execute(HttpCommandExecutor.java:164)
at org.openqa.selenium.remote.service.DriverCommandExecutor.execute(DriverCommandExecutor.java:83)
at org.openqa.selenium.remote.RemoteWebDriver.execute(RemoteWebDriver.java:586)
at org.openqa.selenium.remote.RemoteWebDriver.findElement(RemoteWebDriver.java:356)
at org.openqa.selenium.remote.RemoteWebDriver.findElementByXPath(RemoteWebDriver.java:458)
at org.openqa.selenium.By$ByXPath.findElement(By.java:361)
at org.openqa.selenium.remote.RemoteWebDriver.findElement(RemoteWebDriver.java:348)
at com.training.pom.BaseClassPOM.logout(BaseClassPOM.java:30)
at com.training.complex.tests.ELTC_Complex_SecondTC.AfterMethod(ELTC_Complex_SecondTC.java:49)
at java.base/jdk.internal.reflect.NativeMethodAccessorImpl.invoke0(Native Method)
at java.base/jdk.internal.reflect.NativeMethodAccessorImpl.invoke(NativeMethodAccessorImpl.java:62)
at java.base/jdk.internal.reflect.DelegatingMethodAccessorImpl.invoke(DelegatingMethodAccessorImpl.java:43)
at java.base/java.lang.reflect.Method.invoke(Method.java:567)
at org.testng.internal.MethodInvocationHelper.invokeMethod(MethodInvocationHelper.java:133)
at org.testng.internal.MethodInvocationHelper.invokeMethodConsideringTimeout(MethodInvocationHelper.java:62)
at org.testng.internal.ConfigInvoker.invokeConfigurationMethod(ConfigInvoker.java:340)
at org.testng.internal.ConfigInvoker.invokeConfigurations(ConfigInvoker.java:294)
at org.testng.internal.TestInvoker.runConfigMethods(TestInvoker.java:683)
at org.testng.internal.TestInvoker.runAfterGroupsConfigurations(TestInvoker.java:658)
at org.testng.internal.TestInvoker.invokeMethod(TestInvoker.java:642)
at org.testng.internal.TestInvoker.invokeTestMethod(TestInvoker.java:172)
at org.testng.internal.MethodRunner.runInSequence(MethodRunner.java:46)
at org.testng.internal.TestInvoker$MethodInvocationAgent.invoke(TestInvoker.java:804)
at org.testng.internal.TestInvoker.invokeTestMethods(TestInvoker.java:145)
at org.testng.internal.TestMethodWorker.invokeTestMethods(TestMethodWorker.java:146)
at org.testng.internal.TestMethodWorker.run(TestMethodWorker.java:128)
at java.base/java.util.ArrayList.forEach(ArrayList.java:1540)
at org.testng.TestRunner.privateRun(TestRunner.java:770)
at org.testng.TestRunner.run(TestRunner.java:591)
at org.testng.SuiteRunner.runTest(SuiteRunner.java:402)
at org.testng.SuiteRunner.runSequentially(SuiteRunner.java:396)
at org.testng.SuiteRunner.privateRun(SuiteRunner.java:355)
at org.testng.SuiteRunner.run(SuiteRunner.java:304)
at org.testng.SuiteRunnerWorker.runSuite(SuiteRunnerWorker.java:53)
at org.testng.SuiteRunnerWorker.run(SuiteRunnerWorker.java:96)
at org.testng.TestNG.runSuitesSequentially(TestNG.java:1180)
at org.testng.TestNG.runSuitesSequentially(TestNG.java:1175)
at org.testng.TestNG.runSuitesLocally(TestNG.java:1102)
at org.testng.TestNG.runSuites(TestNG.java:1032)
at org.testng.TestNG.run(TestNG.java:1000)
at org.testng.remote.AbstractRemoteTestNG.run(AbstractRemoteTestNG.java:115)
at org.testng.remote.RemoteTestNG.initAndRun(RemoteTestNG.java:251)
at org.testng.remote.RemoteTestNG.main(RemoteTestNG.java:77)
]]>
            </full-stacktrace>
          </exception> <!-- org.openqa.selenium.NoSuchElementException -->
          <reporter-output>
          </reporter-output>
        </test-method> <!-- VerifyRegistration -->
        <test-method is-config="true" signature="AfterMethod()[pri:0, instance:com.training.complex.tests.ELTC_Complex_SecondTC@c267ef4]" started-at="2019-12-06T16:49:08 IST" name="AfterMethod" finished-at="1970-01-01T05:30:00 IST" duration-ms="-1575631148469" status="SKIP">
          <reporter-output>
          </reporter-output>
        </test-method> <!-- AfterMethod -->
      </class> <!-- com.training.complex.tests.ELTC_Complex_SecondTC -->
      <class name="com.training.complex.tests.ELTC_Complex_FourthTC">
        <test-method is-config="true" signature="BeforeTest()[pri:0, instance:com.training.complex.tests.ELTC_Complex_FourthTC@31d7b7bf]" started-at="2019-12-06T16:45:45 IST" name="BeforeTest" finished-at="2019-12-06T16:45:45 IST" duration-ms="1" status="PASS">
          <reporter-output>
          </reporter-output>
        </test-method> <!-- BeforeTest -->
        <test-method is-config="true" signature="BeforeClass()[pri:0, instance:com.training.complex.tests.ELTC_Complex_FourthTC@31d7b7bf]" started-at="2019-12-06T16:51:06 IST" name="BeforeClass" finished-at="2019-12-06T16:51:06 IST" duration-ms="1" status="PASS">
          <reporter-output>
          </reporter-output>
        </test-method> <!-- BeforeClass -->
        <test-method is-config="true" signature="BeforeMethod()[pri:0, instance:com.training.complex.tests.ELTC_Complex_FourthTC@31d7b7bf]" started-at="2019-12-06T16:51:06 IST" name="BeforeMethod" finished-at="2019-12-06T16:51:22 IST" duration-ms="16230" status="PASS">
          <reporter-output>
          </reporter-output>
        </test-method> <!-- BeforeMethod -->
        <test-method signature="PerformTeacherTask()[pri:1, instance:com.training.complex.tests.ELTC_Complex_FourthTC@31d7b7bf]" started-at="2019-12-06T16:51:22 IST" name="PerformTeacherTask" finished-at="2019-12-06T16:52:31 IST" duration-ms="68774" status="FAIL">
          <exception class="org.openqa.selenium.NoSuchElementException">
            <message>
              <![CDATA[no such element: Unable to locate element: {"method":"xpath","selector":"//div[@class='help-course']//a[@class='btn btn-default']"}
  (Session info: chrome=78.0.3904.108)
For documentation on this error, please visit: http://seleniumhq.org/exceptions/no_such_element.html
Build info: version: '3.6.0', revision: '6fbf3ec767', time: '2017-09-27T15:28:36.4Z'
System info: host: 'DESKTOP-6MESNTB', ip: '9.199.55.210', os.name: 'Windows 10', os.arch: 'amd64', os.version: '10.0', java.version: '12.0.2'
Driver info: org.openqa.selenium.chrome.ChromeDriver
Capabilities [{networkConnectionEnabled=false, chrome={chromedriverVersion=78.0.3904.70 (edb9c9f3de0247fd912a77b7f6cae7447f6d3ad5-refs/branch-heads/3904@{#800}), userDataDir=C:\Users\ARUNAL~1\AppData\Local\Temp\scoped_dir23720_327679068}, timeouts={implicit=0, pageLoad=300000, script=30000}, pageLoadStrategy=normal, unhandledPromptBehavior=dismiss and notify, strictFileInteractability=false, platform=XP, proxy=Proxy(), goog:chromeOptions={debuggerAddress=localhost:49169}, acceptInsecureCerts=false, browserVersion=78.0.3904.108, browserName=chrome, javascriptEnabled=true, platformName=XP, setWindowRect=true}]
Session ID: 3f40e6c746ffbc722f5e8fad3ef7ba5b
*** Element info: {Using=xpath, value=//div[@class='help-course']//a[@class='btn btn-default']}]]>
            </message>
            <full-stacktrace>
              <![CDATA[org.openqa.selenium.NoSuchElementException: no such element: Unable to locate element: {"method":"xpath","selector":"//div[@class='help-course']//a[@class='btn btn-default']"}
  (Session info: chrome=78.0.3904.108)
For documentation on this error, please visit: http://seleniumhq.org/exceptions/no_such_element.html
Build info: version: '3.6.0', revision: '6fbf3ec767', time: '2017-09-27T15:28:36.4Z'
System info: host: 'DESKTOP-6MESNTB', ip: '9.199.55.210', os.name: 'Windows 10', os.arch: 'amd64', os.version: '10.0', java.version: '12.0.2'
Driver info: org.openqa.selenium.chrome.ChromeDriver
Capabilities [{networkConnectionEnabled=false, chrome={chromedriverVersion=78.0.3904.70 (edb9c9f3de0247fd912a77b7f6cae7447f6d3ad5-refs/branch-heads/3904@{#800}), userDataDir=C:\Users\ARUNAL~1\AppData\Local\Temp\scoped_dir23720_327679068}, timeouts={implicit=0, pageLoad=300000, script=30000}, pageLoadStrategy=normal, unhandledPromptBehavior=dismiss and notify, strictFileInteractability=false, platform=XP, proxy=Proxy(), goog:chromeOptions={debuggerAddress=localhost:49169}, acceptInsecureCerts=false, browserVersion=78.0.3904.108, browserName=chrome, javascriptEnabled=true, platformName=XP, setWindowRect=true}]
Session ID: 3f40e6c746ffbc722f5e8fad3ef7ba5b
*** Element info: {Using=xpath, value=//div[@class='help-course']//a[@class='btn btn-default']}
at java.base/jdk.internal.reflect.NativeConstructorAccessorImpl.newInstance0(Native Method)
at java.base/jdk.internal.reflect.NativeConstructorAccessorImpl.newInstance(NativeConstructorAccessorImpl.java:62)
at java.base/jdk.internal.reflect.DelegatingConstructorAccessorImpl.newInstance(DelegatingConstructorAccessorImpl.java:45)
at java.base/java.lang.reflect.Constructor.newInstanceWithCaller(Constructor.java:500)
at java.base/java.lang.reflect.Constructor.newInstance(Constructor.java:481)
at org.openqa.selenium.remote.http.W3CHttpResponseCodec.createException(W3CHttpResponseCodec.java:185)
at org.openqa.selenium.remote.http.W3CHttpResponseCodec.decode(W3CHttpResponseCodec.java:120)
at org.openqa.selenium.remote.http.W3CHttpResponseCodec.decode(W3CHttpResponseCodec.java:49)
at org.openqa.selenium.remote.HttpCommandExecutor.execute(HttpCommandExecutor.java:164)
at org.openqa.selenium.remote.service.DriverCommandExecutor.execute(DriverCommandExecutor.java:83)
at org.openqa.selenium.remote.RemoteWebDriver.execute(RemoteWebDriver.java:586)
at org.openqa.selenium.remote.RemoteWebDriver.findElement(RemoteWebDriver.java:356)
at org.openqa.selenium.remote.RemoteWebDriver.findElementByXPath(RemoteWebDriver.java:458)
at org.openqa.selenium.By$ByXPath.findElement(By.java:361)
at org.openqa.selenium.remote.RemoteWebDriver.findElement(RemoteWebDriver.java:348)
at org.openqa.selenium.support.pagefactory.DefaultElementLocator.findElement(DefaultElementLocator.java:69)
at org.openqa.selenium.support.pagefactory.internal.LocatingElementHandler.invoke(LocatingElementHandler.java:38)
at com.sun.proxy.$Proxy15.click(Unknown Source)
at com.training.pom.MAddIntroductionPagePOM.ClickAddintrolink(MAddIntroductionPagePOM.java:48)
at com.training.complex.tests.ELTC_Complex_FourthTC.PerformTeacherTask(ELTC_Complex_FourthTC.java:52)
at java.base/jdk.internal.reflect.NativeMethodAccessorImpl.invoke0(Native Method)
at java.base/jdk.internal.reflect.NativeMethodAccessorImpl.invoke(NativeMethodAccessorImpl.java:62)
at java.base/jdk.internal.reflect.DelegatingMethodAccessorImpl.invoke(DelegatingMethodAccessorImpl.java:43)
at java.base/java.lang.reflect.Method.invoke(Method.java:567)
at org.testng.internal.MethodInvocationHelper.invokeMethod(MethodInvocationHelper.java:133)
at org.testng.internal.TestInvoker.invokeMethod(TestInvoker.java:584)
at org.testng.internal.TestInvoker.invokeTestMethod(TestInvoker.java:172)
at org.testng.internal.MethodRunner.runInSequence(MethodRunner.java:46)
at org.testng.internal.TestInvoker$MethodInvocationAgent.invoke(TestInvoker.java:804)
at org.testng.internal.TestInvoker.invokeTestMethods(TestInvoker.java:145)
at org.testng.internal.TestMethodWorker.invokeTestMethods(TestMethodWorker.java:146)
at org.testng.internal.TestMethodWorker.run(TestMethodWorker.java:128)
at java.base/java.util.ArrayList.forEach(ArrayList.java:1540)
at org.testng.TestRunner.privateRun(TestRunner.java:770)
at org.testng.TestRunner.run(TestRunner.java:591)
at org.testng.SuiteRunner.runTest(SuiteRunner.java:402)
at org.testng.SuiteRunner.runSequentially(SuiteRunner.java:396)
at org.testng.SuiteRunner.privateRun(SuiteRunner.java:355)
at org.testng.SuiteRunner.run(SuiteRunner.java:304)
at org.testng.SuiteRunnerWorker.runSuite(SuiteRunnerWorker.java:53)
at org.testng.SuiteRunnerWorker.run(SuiteRunnerWorker.java:96)
at org.testng.TestNG.runSuitesSequentially(TestNG.java:1180)
at org.testng.TestNG.runSuitesSequentially(TestNG.java:1175)
at org.testng.TestNG.runSuitesLocally(TestNG.java:1102)
at org.testng.TestNG.runSuites(TestNG.java:1032)
at org.testng.TestNG.run(TestNG.java:1000)
at org.testng.remote.AbstractRemoteTestNG.run(AbstractRemoteTestNG.java:115)
at org.testng.remote.RemoteTestNG.initAndRun(RemoteTestNG.java:251)
at org.testng.remote.RemoteTestNG.main(RemoteTestNG.java:77)
]]>
            </full-stacktrace>
          </exception> <!-- org.openqa.selenium.NoSuchElementException -->
          <reporter-output>
          </reporter-output>
        </test-method> <!-- PerformTeacherTask -->
        <test-method is-config="true" signature="AfterMethod()[pri:0, instance:com.training.complex.tests.ELTC_Complex_FourthTC@31d7b7bf]" started-at="2019-12-06T16:52:31 IST" name="AfterMethod" finished-at="2019-12-06T16:52:33 IST" duration-ms="1948" status="PASS">
          <reporter-output>
          </reporter-output>
        </test-method> <!-- AfterMethod -->
        <test-method is-config="true" signature="BeforeMethod()[pri:0, instance:com.training.complex.tests.ELTC_Complex_FourthTC@31d7b7bf]" started-at="2019-12-06T16:52:33 IST" name="BeforeMethod" finished-at="2019-12-06T16:52:52 IST" duration-ms="19206" status="PASS">
          <reporter-output>
          </reporter-output>
        </test-method> <!-- BeforeMethod -->
        <test-method signature="PerformStudentTask()[pri:2, instance:com.training.complex.tests.ELTC_Complex_FourthTC@31d7b7bf]" started-at="2019-12-06T16:52:52 IST" name="PerformStudentTask" finished-at="2019-12-06T16:53:03 IST" duration-ms="11427" status="PASS">
          <reporter-output>
          </reporter-output>
        </test-method> <!-- PerformStudentTask -->
        <test-method is-config="true" signature="AfterMethod()[pri:0, instance:com.training.complex.tests.ELTC_Complex_FourthTC@31d7b7bf]" started-at="2019-12-06T16:53:03 IST" name="AfterMethod" finished-at="2019-12-06T16:53:07 IST" duration-ms="3451" status="PASS">
          <reporter-output>
          </reporter-output>
        </test-method> <!-- AfterMethod -->
        <test-method is-config="true" signature="BeforeMethod()[pri:0, instance:com.training.complex.tests.ELTC_Complex_FourthTC@31d7b7bf]" started-at="2019-12-06T16:53:07 IST" name="BeforeMethod" finished-at="2019-12-06T16:53:23 IST" duration-ms="16299" status="PASS">
          <reporter-output>
          </reporter-output>
        </test-method> <!-- BeforeMethod -->
        <test-method signature="PerformAdminTask()[pri:3, instance:com.training.complex.tests.ELTC_Complex_FourthTC@31d7b7bf]" started-at="2019-12-06T16:53:23 IST" name="PerformAdminTask" finished-at="2019-12-06T16:53:36 IST" duration-ms="13575" status="PASS">
          <reporter-output>
          </reporter-output>
        </test-method> <!-- PerformAdminTask -->
        <test-method is-config="true" signature="AfterMethod()[pri:0, instance:com.training.complex.tests.ELTC_Complex_FourthTC@31d7b7bf]" started-at="2019-12-06T16:53:36 IST" name="AfterMethod" finished-at="2019-12-06T16:53:39 IST" duration-ms="2391" status="PASS">
          <reporter-output>
          </reporter-output>
        </test-method> <!-- AfterMethod -->
      </class> <!-- com.training.complex.tests.ELTC_Complex_FourthTC -->
      <class name="com.training.complex.tests.ELTC_Complex_ThirdTC">
        <test-method is-config="true" signature="BeforeTest()[pri:0, instance:com.training.complex.tests.ELTC_Complex_ThirdTC@30ee2816]" started-at="2019-12-06T16:45:45 IST" name="BeforeTest" finished-at="2019-12-06T16:45:45 IST" duration-ms="1" status="PASS">
          <reporter-output>
          </reporter-output>
        </test-method> <!-- BeforeTest -->
        <test-method is-config="true" signature="BeforeClass()[pri:0, instance:com.training.complex.tests.ELTC_Complex_ThirdTC@30ee2816]" started-at="2019-12-06T16:49:08 IST" name="BeforeClass" finished-at="2019-12-06T16:49:08 IST" duration-ms="2" status="PASS">
          <reporter-output>
          </reporter-output>
        </test-method> <!-- BeforeClass -->
        <test-method is-config="true" signature="BeforeMethod()[pri:0, instance:com.training.complex.tests.ELTC_Complex_ThirdTC@30ee2816]" started-at="2019-12-06T16:49:08 IST" name="BeforeMethod" finished-at="2019-12-06T16:49:31 IST" duration-ms="22774" status="PASS">
          <reporter-output>
          </reporter-output>
        </test-method> <!-- BeforeMethod -->
        <test-method signature="VerifyRegistration(java.lang.String, java.lang.String, java.lang.String, java.lang.String, java.lang.String, java.lang.String, java.lang.String, java.lang.String)[pri:0, instance:com.training.complex.tests.ELTC_Complex_ThirdTC@30ee2816]" started-at="2019-12-06T16:49:31 IST" name="VerifyRegistration" data-provider="FetchData" finished-at="2019-12-06T16:49:36 IST" duration-ms="5612" status="PASS">
          <params>
            <param index="0">
              <value>
                <![CDATA[TestSignupb9]]>
              </value>
            </param>
            <param index="1">
              <value>
                <![CDATA[user]]>
              </value>
            </param>
            <param index="2">
              <value>
                <![CDATA[test9@gmail.com]]>
              </value>
            </param>
            <param index="3">
              <value>
                <![CDATA[TestSignupb9]]>
              </value>
            </param>
            <param index="4">
              <value>
                <![CDATA[Test9@123]]>
              </value>
            </param>
            <param index="5">
              <value>
                <![CDATA[Test9@123]]>
              </value>
            </param>
            <param index="6">
              <value>
                <![CDATA[9876543210]]>
              </value>
            </param>
            <param index="7">
              <value>
                <![CDATA[English]]>
              </value>
            </param>
          </params>
          <reporter-output>
          </reporter-output>
        </test-method> <!-- VerifyRegistration -->
        <test-method is-config="true" signature="AfterMethod()[pri:0, instance:com.training.complex.tests.ELTC_Complex_ThirdTC@30ee2816]" started-at="2019-12-06T16:49:36 IST" name="AfterMethod" finished-at="2019-12-06T16:49:38 IST" duration-ms="1703" status="PASS">
          <reporter-output>
          </reporter-output>
        </test-method> <!-- AfterMethod -->
        <test-method is-config="true" signature="BeforeMethod()[pri:0, instance:com.training.complex.tests.ELTC_Complex_ThirdTC@30ee2816]" started-at="2019-12-06T16:49:38 IST" name="BeforeMethod" finished-at="2019-12-06T16:50:01 IST" duration-ms="22463" status="PASS">
          <reporter-output>
          </reporter-output>
        </test-method> <!-- BeforeMethod -->
        <test-method signature="VerifyRegistration(java.lang.String, java.lang.String, java.lang.String, java.lang.String, java.lang.String, java.lang.String, java.lang.String, java.lang.String)[pri:0, instance:com.training.complex.tests.ELTC_Complex_ThirdTC@30ee2816]" started-at="2019-12-06T16:50:01 IST" name="VerifyRegistration" data-provider="FetchData" finished-at="2019-12-06T16:50:05 IST" duration-ms="3914" status="PASS">
          <params>
            <param index="0">
              <value>
                <![CDATA[TestSignupb10]]>
              </value>
            </param>
            <param index="1">
              <value>
                <![CDATA[user]]>
              </value>
            </param>
            <param index="2">
              <value>
                <![CDATA[test10@gmail.com]]>
              </value>
            </param>
            <param index="3">
              <value>
                <![CDATA[TestSignupb10]]>
              </value>
            </param>
            <param index="4">
              <value>
                <![CDATA[Test10@123]]>
              </value>
            </param>
            <param index="5">
              <value>
                <![CDATA[Test10@123]]>
              </value>
            </param>
            <param index="6">
              <value>
                <![CDATA[9876543210]]>
              </value>
            </param>
            <param index="7">
              <value>
                <![CDATA[English]]>
              </value>
            </param>
          </params>
          <reporter-output>
          </reporter-output>
        </test-method> <!-- VerifyRegistration -->
        <test-method is-config="true" signature="AfterMethod()[pri:0, instance:com.training.complex.tests.ELTC_Complex_ThirdTC@30ee2816]" started-at="2019-12-06T16:50:05 IST" name="AfterMethod" finished-at="2019-12-06T16:50:07 IST" duration-ms="2770" status="PASS">
          <reporter-output>
          </reporter-output>
        </test-method> <!-- AfterMethod -->
        <test-method is-config="true" signature="BeforeMethod()[pri:0, instance:com.training.complex.tests.ELTC_Complex_ThirdTC@30ee2816]" started-at="2019-12-06T16:50:07 IST" name="BeforeMethod" finished-at="2019-12-06T16:50:30 IST" duration-ms="22566" status="PASS">
          <reporter-output>
          </reporter-output>
        </test-method> <!-- BeforeMethod -->
        <test-method signature="VerifyRegistration(java.lang.String, java.lang.String, java.lang.String, java.lang.String, java.lang.String, java.lang.String, java.lang.String, java.lang.String)[pri:0, instance:com.training.complex.tests.ELTC_Complex_ThirdTC@30ee2816]" started-at="2019-12-06T16:50:30 IST" name="VerifyRegistration" data-provider="FetchData" finished-at="2019-12-06T16:50:33 IST" duration-ms="3547" status="PASS">
          <params>
            <param index="0">
              <value>
                <![CDATA[TestSignupb11]]>
              </value>
            </param>
            <param index="1">
              <value>
                <![CDATA[user]]>
              </value>
            </param>
            <param index="2">
              <value>
                <![CDATA[test11@gmail.com]]>
              </value>
            </param>
            <param index="3">
              <value>
                <![CDATA[TestSignupb11]]>
              </value>
            </param>
            <param index="4">
              <value>
                <![CDATA[Test11@123]]>
              </value>
            </param>
            <param index="5">
              <value>
                <![CDATA[Test11@123]]>
              </value>
            </param>
            <param index="6">
              <value>
                <![CDATA[9876543210]]>
              </value>
            </param>
            <param index="7">
              <value>
                <![CDATA[English]]>
              </value>
            </param>
          </params>
          <reporter-output>
          </reporter-output>
        </test-method> <!-- VerifyRegistration -->
        <test-method is-config="true" signature="AfterMethod()[pri:0, instance:com.training.complex.tests.ELTC_Complex_ThirdTC@30ee2816]" started-at="2019-12-06T16:50:33 IST" name="AfterMethod" finished-at="2019-12-06T16:50:36 IST" duration-ms="2186" status="PASS">
          <reporter-output>
          </reporter-output>
        </test-method> <!-- AfterMethod -->
        <test-method is-config="true" signature="BeforeMethod()[pri:0, instance:com.training.complex.tests.ELTC_Complex_ThirdTC@30ee2816]" started-at="2019-12-06T16:50:36 IST" name="BeforeMethod" finished-at="2019-12-06T16:51:00 IST" duration-ms="24160" status="PASS">
          <reporter-output>
          </reporter-output>
        </test-method> <!-- BeforeMethod -->
        <test-method signature="VerifyRegistration(java.lang.String, java.lang.String, java.lang.String, java.lang.String, java.lang.String, java.lang.String, java.lang.String, java.lang.String)[pri:0, instance:com.training.complex.tests.ELTC_Complex_ThirdTC@30ee2816]" started-at="2019-12-06T16:51:00 IST" name="VerifyRegistration" data-provider="FetchData" finished-at="2019-12-06T16:51:04 IST" duration-ms="3728" status="PASS">
          <params>
            <param index="0">
              <value>
                <![CDATA[TestSignupb12]]>
              </value>
            </param>
            <param index="1">
              <value>
                <![CDATA[user]]>
              </value>
            </param>
            <param index="2">
              <value>
                <![CDATA[test12@gmail.com]]>
              </value>
            </param>
            <param index="3">
              <value>
                <![CDATA[TestSignupb12]]>
              </value>
            </param>
            <param index="4">
              <value>
                <![CDATA[Test12@123]]>
              </value>
            </param>
            <param index="5">
              <value>
                <![CDATA[Test12@123]]>
              </value>
            </param>
            <param index="6">
              <value>
                <![CDATA[9876543210]]>
              </value>
            </param>
            <param index="7">
              <value>
                <![CDATA[English]]>
              </value>
            </param>
          </params>
          <reporter-output>
          </reporter-output>
        </test-method> <!-- VerifyRegistration -->
        <test-method is-config="true" signature="AfterMethod()[pri:0, instance:com.training.complex.tests.ELTC_Complex_ThirdTC@30ee2816]" started-at="2019-12-06T16:51:04 IST" name="AfterMethod" finished-at="2019-12-06T16:51:06 IST" duration-ms="2043" status="PASS">
          <reporter-output>
          </reporter-output>
        </test-method> <!-- AfterMethod -->
      </class> <!-- com.training.complex.tests.ELTC_Complex_ThirdTC -->
    </test> <!-- complextestcaseValidation -->
  </suite> <!-- ComplexTestSuite -->
  <suite started-at="2019-12-06T16:53:41 IST" name="allSuites" finished-at="2019-12-06T16:53:41 IST" duration-ms="0">
    <groups>
    </groups>
  </suite> <!-- allSuites -->
</testng-results>
